        -:    0:Source:dominion.c
        -:    0:Graph:dominion.gcno
        -:    0:Data:dominion.gcda
        -:    0:Runs:8
        -:    0:Programs:8
        -:    1:#include "dominion.h"
        -:    2:#include "dominion_helpers.h"
        -:    3:#include "rngs.h"
        -:    4:#include <stdio.h>
        -:    5:#include <math.h>
        -:    6:#include <stdlib.h>
        -:    7:
      630:    8:int compare(const void* a, const void* b) {
      630:    9:  if (*(int*)a > *(int*)b)
    #####:   10:    return 1;
      630:   11:  if (*(int*)a < *(int*)b)
      168:   12:    return -1;
      462:   13:  return 0;
        -:   14:}
        -:   15:
    #####:   16:struct gameState* newGame() {
    #####:   17:  struct gameState* g = malloc(sizeof(struct gameState));
    #####:   18:  return g;
        -:   19:}
        -:   20:
    #####:   21:int* kingdomCards(int k1, int k2, int k3, int k4, int k5, int k6, int k7,
        -:   22:		  int k8, int k9, int k10) {
    #####:   23:  int* k = malloc(10 * sizeof(int));
    #####:   24:  k[0] = k1;
    #####:   25:  k[1] = k2;
    #####:   26:  k[2] = k3;
    #####:   27:  k[3] = k4;
    #####:   28:  k[4] = k5;
    #####:   29:  k[5] = k6;
    #####:   30:  k[6] = k7;
    #####:   31:  k[7] = k8;
    #####:   32:  k[8] = k9;
    #####:   33:  k[9] = k10;
    #####:   34:  return k;
        -:   35:}
        -:   36:
       20:   37:int initializeGame(int numPlayers, int kingdomCards[10], int randomSeed,
        -:   38:		   struct gameState *state) {
        -:   39:
        -:   40:  int i;
        -:   41:  int j;
        -:   42:  int it;			
        -:   43:  //set up random number generator
       20:   44:  SelectStream(1);
       20:   45:  PutSeed((long)randomSeed);
        -:   46:  
        -:   47:  //check number of players
       20:   48:  if (numPlayers > MAX_PLAYERS || numPlayers < 2)
        -:   49:    {
    #####:   50:      return -1;
        -:   51:    }
        -:   52:
        -:   53:  //set number of players
       20:   54:  state->numPlayers = numPlayers;
        -:   55:
        -:   56:  //check selected kingdom cards are different
      220:   57:  for (i = 0; i < 10; i++)
        -:   58:    {
     2200:   59:      for (j = 0; j < 10; j++)
        -:   60:        {
     2000:   61:	  if (j != i && kingdomCards[j] == kingdomCards[i])
        -:   62:	    {
    #####:   63:	      return -1;
        -:   64:	    }
        -:   65:        }
        -:   66:    }
        -:   67:
        -:   68:
        -:   69:  //initialize supply
        -:   70:  ///////////////////////////////
        -:   71:
        -:   72:  //set number of Curse cards
       20:   73:  if (numPlayers == 2)
        -:   74:    {
       19:   75:      state->supplyCount[curse] = 10;
        -:   76:    }
        1:   77:  else if (numPlayers == 3)
        -:   78:    {
    #####:   79:      state->supplyCount[curse] = 20;
        -:   80:    }
        -:   81:  else
        -:   82:    {
        1:   83:      state->supplyCount[curse] = 30;
        -:   84:    }
        -:   85:
        -:   86:  //set number of Victory cards
       20:   87:  if (numPlayers == 2)
        -:   88:    {
       19:   89:      state->supplyCount[estate] = 8;
       19:   90:      state->supplyCount[duchy] = 8;
       19:   91:      state->supplyCount[province] = 8;
        -:   92:    }
        -:   93:  else
        -:   94:    {
        1:   95:      state->supplyCount[estate] = 12;
        1:   96:      state->supplyCount[duchy] = 12;
        1:   97:      state->supplyCount[province] = 12;
        -:   98:    }
        -:   99:
        -:  100:  //set number of Treasure cards
       20:  101:  state->supplyCount[copper] = 60 - (7 * numPlayers);
       20:  102:  state->supplyCount[silver] = 40;
       20:  103:  state->supplyCount[gold] = 30;
        -:  104:
        -:  105:  //set number of Kingdom cards
      420:  106:  for (i = adventurer; i <= treasure_map; i++)       	//loop all cards
        -:  107:    {
     3300:  108:      for (j = 0; j < 10; j++)           		//loop chosen cards
        -:  109:	{
     3100:  110:	  if (kingdomCards[j] == i)
        -:  111:	    {
        -:  112:	      //check if card is a 'Victory' Kingdom card
      200:  113:	      if (kingdomCards[j] == great_hall || kingdomCards[j] == gardens)
        -:  114:		{
       32:  115:		  if (numPlayers == 2){ 
       15:  116:		    state->supplyCount[i] = 8; 
        -:  117:		  }
        1:  118:		  else{ state->supplyCount[i] = 12; }
        -:  119:		}
        -:  120:	      else
        -:  121:		{
      184:  122:		  state->supplyCount[i] = 10;
        -:  123:		}
      200:  124:	      break;
        -:  125:	    }
        -:  126:	  else    //card is not in the set choosen for the game
        -:  127:	    {
     2900:  128:	      state->supplyCount[i] = -1;
        -:  129:	    }
        -:  130:	}
        -:  131:
        -:  132:    }
        -:  133:
        -:  134:  ////////////////////////
        -:  135:  //supply intilization complete
        -:  136:
        -:  137:  //set player decks
       62:  138:  for (i = 0; i < numPlayers; i++)
        -:  139:    {
       42:  140:      state->deckCount[i] = 0;
      168:  141:      for (j = 0; j < 3; j++)
        -:  142:	{
      126:  143:	  state->deck[i][j] = estate;
      126:  144:	  state->deckCount[i]++;
        -:  145:	}
      336:  146:      for (j = 3; j < 10; j++)
        -:  147:	{
      294:  148:	  state->deck[i][j] = copper;
      294:  149:	  state->deckCount[i]++;		
        -:  150:	}
        -:  151:    }
        -:  152:
        -:  153:  //shuffle player decks
       62:  154:  for (i = 0; i < numPlayers; i++)
        -:  155:    {
       42:  156:      if ( shuffle(i, state) < 0 )
        -:  157:	{
    #####:  158:	  return -1;
        -:  159:	}
        -:  160:    }
        -:  161:
        -:  162:  //draw player hands
       62:  163:  for (i = 0; i < numPlayers; i++)
        -:  164:    {  
        -:  165:      //initialize hand size to zero
       42:  166:      state->handCount[i] = 0;
       42:  167:      state->discardCount[i] = 0;
        -:  168:      //draw 5 cards
        -:  169:      // for (j = 0; j < 5; j++)
        -:  170:      //	{
        -:  171:      //	  drawCard(i, state);
        -:  172:      //	}
        -:  173:    }
        -:  174:  
        -:  175:  //set embargo tokens to 0 for all supply piles
      560:  176:  for (i = 0; i <= treasure_map; i++)
        -:  177:    {
      540:  178:      state->embargoTokens[i] = 0;
        -:  179:    }
        -:  180:
        -:  181:  //initialize first player's turn
       20:  182:  state->outpostPlayed = 0;
       20:  183:  state->phase = 0;
       20:  184:  state->numActions = 1;
       20:  185:  state->numBuys = 1;
       20:  186:  state->playedCardCount = 0;
       20:  187:  state->whoseTurn = 0;
       20:  188:  state->handCount[state->whoseTurn] = 0;
        -:  189:  //int it; move to top
        -:  190:
        -:  191:  //Moved draw cards to here, only drawing at the start of a turn
      120:  192:  for (it = 0; it < 5; it++){
      100:  193:    drawCard(state->whoseTurn, state);
        -:  194:  }
        -:  195:
       20:  196:  updateCoins(state->whoseTurn, state, 0);
        -:  197:
       20:  198:  return 0;
        -:  199:}
        -:  200:
       62:  201:int shuffle(int player, struct gameState *state) {
        -:  202: 
        -:  203:
        -:  204:  int newDeck[MAX_DECK];
       62:  205:  int newDeckPos = 0;
        -:  206:  int card;
        -:  207:  int i;
        -:  208:
       62:  209:  if (state->deckCount[player] < 1)
       18:  210:    return -1;
       44:  211:  qsort ((void*)(state->deck[player]), state->deckCount[player], sizeof(int), compare); 
        -:  212:  /* SORT CARDS IN DECK TO ENSURE DETERMINISM! */
        -:  213:
      510:  214:  while (state->deckCount[player] > 0) {
      422:  215:    card = floor(Random() * state->deckCount[player]);
      422:  216:    newDeck[newDeckPos] = state->deck[player][card];
      422:  217:    newDeckPos++;
     1471:  218:    for (i = card; i < state->deckCount[player]-1; i++) {
     1049:  219:      state->deck[player][i] = state->deck[player][i+1];
        -:  220:    }
      422:  221:    state->deckCount[player]--;
        -:  222:  }
      466:  223:  for (i = 0; i < newDeckPos; i++) {
      422:  224:    state->deck[player][i] = newDeck[i];
      422:  225:    state->deckCount[player]++;
        -:  226:  }
        -:  227:
       44:  228:  return 0;
        -:  229:}
        -:  230:
    #####:  231:int playCard(int handPos, int choice1, int choice2, int choice3, struct gameState *state) 
        -:  232:{	
        -:  233:  int card;
    #####:  234:  int coin_bonus = 0; 		//tracks coins gain from actions
        -:  235:
        -:  236:  //check if it is the right phase
    #####:  237:  if (state->phase != 0)
        -:  238:    {
    #####:  239:      return -1;
        -:  240:    }
        -:  241:	
        -:  242:  //check if player has enough actions
    #####:  243:  if ( state->numActions < 1 )
        -:  244:    {
    #####:  245:      return -1;
        -:  246:    }
        -:  247:	
        -:  248:  //get card played
    #####:  249:  card = handCard(handPos, state);
        -:  250:	
        -:  251:  //check if selected card is an action
    #####:  252:  if ( card < adventurer || card > treasure_map )
        -:  253:    {
    #####:  254:      return -1;
        -:  255:    }
        -:  256:	
        -:  257:  //play card
    #####:  258:  if ( cardEffect(card, choice1, choice2, choice3, state, handPos, &coin_bonus) < 0 )
        -:  259:    {
    #####:  260:      return -1;
        -:  261:    }
        -:  262:	
        -:  263:  //reduce number of actions
    #####:  264:  state->numActions--;
        -:  265:
        -:  266:  //update coins (Treasure cards may be added with card draws)
    #####:  267:  updateCoins(state->whoseTurn, state, coin_bonus);
        -:  268:	
    #####:  269:  return 0;
        -:  270:}
        -:  271:
    #####:  272:int buyCard(int supplyPos, struct gameState *state) {
        -:  273:  int who;
        -:  274:  if (DEBUG){
        -:  275:    printf("Entering buyCard...\n");
        -:  276:  }
        -:  277:
        -:  278:  // I don't know what to do about the phase thing.
        -:  279:
    #####:  280:  who = state->whoseTurn;
        -:  281:
    #####:  282:  if (state->numBuys < 1){
        -:  283:    if (DEBUG)
        -:  284:      printf("You do not have any buys left\n");
    #####:  285:    return -1;
    #####:  286:  } else if (supplyCount(supplyPos, state) <1){
        -:  287:    if (DEBUG)
        -:  288:      printf("There are not any of that type of card left\n");
    #####:  289:    return -1;
    #####:  290:  } else if (state->coins < getCost(supplyPos)){
        -:  291:    if (DEBUG) 
        -:  292:      printf("You do not have enough money to buy that. You have %d coins.\n", state->coins);
    #####:  293:    return -1;
        -:  294:  } else {
    #####:  295:    state->phase=1;
        -:  296:    //state->supplyCount[supplyPos]--;
    #####:  297:    gainCard(supplyPos, state, 0, who); //card goes in discard, this might be wrong.. (2 means goes into hand, 0 goes into discard)
        -:  298:  
    #####:  299:    state->coins = (state->coins) - (getCost(supplyPos));
    #####:  300:    state->numBuys--;
        -:  301:    if (DEBUG)
        -:  302:      printf("You bought card number %d for %d coins. You now have %d buys and %d coins.\n", supplyPos, getCost(supplyPos), state->numBuys, state->coins);
        -:  303:  }
        -:  304:
        -:  305:  //state->discard[who][state->discardCount[who]] = supplyPos;
        -:  306:  //state->discardCount[who]++;
        -:  307:    
    #####:  308:  return 0;
        -:  309:}
        -:  310:
    #####:  311:int numHandCards(struct gameState *state) {
    #####:  312:  return state->handCount[ whoseTurn(state) ];
        -:  313:}
        -:  314:
    #####:  315:int handCard(int handPos, struct gameState *state) {
    #####:  316:  int currentPlayer = whoseTurn(state);
    #####:  317:  return state->hand[currentPlayer][handPos];
        -:  318:}
        -:  319:
      123:  320:int supplyCount(int card, struct gameState *state) {
      123:  321:  return state->supplyCount[card];
        -:  322:}
        -:  323:
       60:  324:int fullDeckCount(int player, int card, struct gameState *state) {
        -:  325:  int i;
       60:  326:  int count = 0;
        -:  327:
      360:  328:  for (i = 0; i < state->deckCount[player]; i++)
        -:  329:    {
      300:  330:      if (state->deck[player][i] == card) count++;
        -:  331:    }
        -:  332:
      360:  333:  for (i = 0; i < state->handCount[player]; i++)
        -:  334:    {
      300:  335:      if (state->hand[player][i] == card) count++;
        -:  336:    }
        -:  337:
      160:  338:  for (i = 0; i < state->discardCount[player]; i++)
        -:  339:    {
      100:  340:      if (state->discard[player][i] == card) count++;
        -:  341:    }
        -:  342:
       60:  343:  return count;
        -:  344:}
        -:  345:
        9:  346:int whoseTurn(struct gameState *state) {
        9:  347:  return state->whoseTurn;
        -:  348:}
        -:  349:
    #####:  350:int endTurn(struct gameState *state) {
        -:  351:  int k;
        -:  352:  int i;
    #####:  353:  int currentPlayer = whoseTurn(state);
        -:  354:  
        -:  355:  //Discard hand
    #####:  356:  for (i = 0; i < state->handCount[currentPlayer]; i++){
    #####:  357:    state->discard[currentPlayer][state->discardCount[currentPlayer]++] = state->hand[currentPlayer][i];//Discard
    #####:  358:    state->hand[currentPlayer][i] = -1;//Set card to -1
        -:  359:  }
    #####:  360:  state->handCount[currentPlayer] = 0;//Reset hand count
        -:  361:    
        -:  362:  //Code for determining the player
    #####:  363:  if (currentPlayer < (state->numPlayers - 1)){ 
    #####:  364:    state->whoseTurn = currentPlayer + 1;//Still safe to increment
        -:  365:  }
        -:  366:  else{
    #####:  367:    state->whoseTurn = 0;//Max player has been reached, loop back around to player 1
        -:  368:  }
        -:  369:
    #####:  370:  state->outpostPlayed = 0;
    #####:  371:  state->phase = 0;
    #####:  372:  state->numActions = 1;
    #####:  373:  state->coins = 0;
    #####:  374:  state->numBuys = 1;
    #####:  375:  state->playedCardCount = 0;
    #####:  376:  state->handCount[state->whoseTurn] = 0;
        -:  377:
        -:  378:  //int k; move to top
        -:  379:  //Next player draws hand
    #####:  380:  for (k = 0; k < 5; k++){
    #####:  381:    drawCard(state->whoseTurn, state);//Draw a card
        -:  382:  }
        -:  383:
        -:  384:  //Update money
    #####:  385:  updateCoins(state->whoseTurn, state , 0);
        -:  386:
    #####:  387:  return 0;
        -:  388:}
        -:  389:
    #####:  390:int isGameOver(struct gameState *state) {
        -:  391:  int i;
        -:  392:  int j;
        -:  393:	
        -:  394:  //if stack of Province cards is empty, the game ends
    #####:  395:  if (state->supplyCount[province] == 0)
        -:  396:    {
    #####:  397:      return 1;
        -:  398:    }
        -:  399:
        -:  400:  //if three supply pile are at 0, the game ends
    #####:  401:  j = 0;
    #####:  402:  for (i = 0; i < 25; i++)
        -:  403:    {
    #####:  404:      if (state->supplyCount[i] == 0)
        -:  405:	{
    #####:  406:	  j++;
        -:  407:	}
        -:  408:    }
    #####:  409:  if ( j >= 3)
        -:  410:    {
    #####:  411:      return 1;
        -:  412:    }
        -:  413:
    #####:  414:  return 0;
        -:  415:}
        -:  416:
    #####:  417:int scoreFor (int player, struct gameState *state) {
        -:  418:
        -:  419:  int i;
    #####:  420:  int score = 0;
        -:  421:  //score from hand
    #####:  422:  for (i = 0; i < state->handCount[player]; i++)
        -:  423:    {
    #####:  424:      if (state->hand[player][i] == curse) { score = score - 1; };
    #####:  425:      if (state->hand[player][i] == estate) { score = score + 1; };
    #####:  426:      if (state->hand[player][i] == duchy) { score = score + 3; };
    #####:  427:      if (state->hand[player][i] == province) { score = score + 6; };
    #####:  428:      if (state->hand[player][i] == great_hall) { score = score + 1; };
    #####:  429:      if (state->hand[player][i] == gardens) { score = score + ( fullDeckCount(player, 0, state) / 10 ); };
        -:  430:    }
        -:  431:
        -:  432:  //score from discard
    #####:  433:  for (i = 0; i < state->discardCount[player]; i++)
        -:  434:    {
    #####:  435:      if (state->discard[player][i] == curse) { score = score - 1; };
    #####:  436:      if (state->discard[player][i] == estate) { score = score + 1; };
    #####:  437:      if (state->discard[player][i] == duchy) { score = score + 3; };
    #####:  438:      if (state->discard[player][i] == province) { score = score + 6; };
    #####:  439:      if (state->discard[player][i] == great_hall) { score = score + 1; };
    #####:  440:      if (state->discard[player][i] == gardens) { score = score + ( fullDeckCount(player, 0, state) / 10 ); };
        -:  441:    }
        -:  442:
        -:  443:  //score from deck
    #####:  444:  for (i = 0; i < state->discardCount[player]; i++)
        -:  445:    {
    #####:  446:      if (state->deck[player][i] == curse) { score = score - 1; };
    #####:  447:      if (state->deck[player][i] == estate) { score = score + 1; };
    #####:  448:      if (state->deck[player][i] == duchy) { score = score + 3; };
    #####:  449:      if (state->deck[player][i] == province) { score = score + 6; };
    #####:  450:      if (state->deck[player][i] == great_hall) { score = score + 1; };
    #####:  451:      if (state->deck[player][i] == gardens) { score = score + ( fullDeckCount(player, 0, state) / 10 ); };
        -:  452:    }
        -:  453:
    #####:  454:  return score;
        -:  455:}
        -:  456:
    #####:  457:int getWinners(int players[MAX_PLAYERS], struct gameState *state) {
        -:  458:  int i;	
        -:  459:  int j;
        -:  460:  int highScore;
        -:  461:  int currentPlayer;
        -:  462:
        -:  463:  //get score for each player
    #####:  464:  for (i = 0; i < MAX_PLAYERS; i++)
        -:  465:    {
        -:  466:      //set unused player scores to -9999
    #####:  467:      if (i >= state->numPlayers)
        -:  468:	{
    #####:  469:	  players[i] = -9999;
        -:  470:	}
        -:  471:      else
        -:  472:	{
    #####:  473:	  players[i] = scoreFor (i, state);
        -:  474:	}
        -:  475:    }
        -:  476:
        -:  477:  //find highest score
    #####:  478:  j = 0;
    #####:  479:  for (i = 0; i < MAX_PLAYERS; i++)
        -:  480:    {
    #####:  481:      if (players[i] > players[j])
        -:  482:	{
    #####:  483:	  j = i;
        -:  484:	}
        -:  485:    }
    #####:  486:  highScore = players[j];
        -:  487:
        -:  488:  //add 1 to players who had less turns
    #####:  489:  currentPlayer = whoseTurn(state);
    #####:  490:  for (i = 0; i < MAX_PLAYERS; i++)
        -:  491:    {
    #####:  492:      if ( players[i] == highScore && i > currentPlayer )
        -:  493:	{
    #####:  494:	  players[i]++;
        -:  495:	}
        -:  496:    }
        -:  497:
        -:  498:  //find new highest score
    #####:  499:  j = 0;
    #####:  500:  for (i = 0; i < MAX_PLAYERS; i++)
        -:  501:    {
    #####:  502:      if ( players[i] > players[j] )
        -:  503:	{
    #####:  504:	  j = i;
        -:  505:	}
        -:  506:    }
    #####:  507:  highScore = players[j];
        -:  508:
        -:  509:  //set winners in array to 1 and rest to 0
    #####:  510:  for (i = 0; i < MAX_PLAYERS; i++)
        -:  511:    {
    #####:  512:      if ( players[i] == highScore )
        -:  513:	{
    #####:  514:	  players[i] = 1;
        -:  515:	}
        -:  516:      else
        -:  517:	{
    #####:  518:	  players[i] = 0;
        -:  519:	}
        -:  520:    }
        -:  521:
    #####:  522:  return 0;
        -:  523:}
        -:  524:
      127:  525:int drawCard(int player, struct gameState *state)
        -:  526:{	int count;
        -:  527:  int deckCounter;
      127:  528:  if (state->deckCount[player] <= 0){//Deck is empty
        -:  529:    
        -:  530:    //Step 1 Shuffle the discard pile back into a deck
        -:  531:    int i;
        -:  532:    //Move discard to deck
        9:  533:    for (i = 0; i < state->discardCount[player];i++){
    #####:  534:      state->deck[player][i] = state->discard[player][i];
    #####:  535:      state->discard[player][i] = -1;
        -:  536:    }
        -:  537:
        9:  538:    state->deckCount[player] = state->discardCount[player];
        9:  539:    state->discardCount[player] = 0;//Reset discard
        -:  540:
        -:  541:    //Shufffle the deck
        9:  542:    shuffle(player, state);//Shuffle the deck up and make it so that we can draw
        -:  543:   
        -:  544:    if (DEBUG){//Debug statements
        -:  545:      printf("Deck count now: %d\n", state->deckCount[player]);
        -:  546:    }
        -:  547:    
        9:  548:    state->discardCount[player] = 0;
        -:  549:
        -:  550:    //Step 2 Draw Card
        9:  551:    count = state->handCount[player];//Get current player's hand count
        -:  552:    
        -:  553:    if (DEBUG){//Debug statements
        -:  554:      printf("Current hand count: %d\n", count);
        -:  555:    }
        -:  556:    
        9:  557:    deckCounter = state->deckCount[player];//Create a holder for the deck count
        -:  558:
        9:  559:    if (deckCounter == 0)
        9:  560:      return -1;
        -:  561:
    #####:  562:    state->hand[player][count] = state->deck[player][deckCounter - 1];//Add card to hand
    #####:  563:    state->deckCount[player]--;
    #####:  564:    state->handCount[player]++;//Increment hand count
        -:  565:  }
        -:  566:
        -:  567:  else{
      118:  568:    int count = state->handCount[player];//Get current hand count for player
        -:  569:    int deckCounter;
        -:  570:    if (DEBUG){//Debug statements
        -:  571:      printf("Current hand count: %d\n", count);
        -:  572:    }
        -:  573:
      118:  574:    deckCounter = state->deckCount[player];//Create holder for the deck count
      118:  575:    state->hand[player][count] = state->deck[player][deckCounter - 1];//Add card to the hand
      118:  576:    state->deckCount[player]--;
      118:  577:    state->handCount[player]++;//Increment hand count
        -:  578:  }
        -:  579:
      118:  580:  return 0;
        -:  581:}
        -:  582:
       56:  583:int getCost(int cardNumber)
        -:  584:{
       56:  585:  switch( cardNumber ) 
        -:  586:    {
        -:  587:    case curse:
        2:  588:      return 0;
        -:  589:    case estate:
        2:  590:      return 2;
        -:  591:    case duchy:
        2:  592:      return 5;
        -:  593:    case province:
        2:  594:      return 8;
        -:  595:    case copper:
        2:  596:      return 0;
        -:  597:    case silver:
        2:  598:      return 3;
        -:  599:    case gold:
        2:  600:      return 6;
        -:  601:    case adventurer:
        2:  602:      return 6;
        -:  603:    case council_room:
        2:  604:      return 5;
        -:  605:    case feast:
        2:  606:      return 4;
        -:  607:    case gardens:
        2:  608:      return 4;
        -:  609:    case mine:
        2:  610:      return 5;
        -:  611:    case remodel:
        2:  612:      return 4;
        -:  613:    case smithy:
        2:  614:      return 4;
        -:  615:    case village:
        2:  616:      return 3;
        -:  617:    case baron:
        2:  618:      return 4;
        -:  619:    case great_hall:
        2:  620:      return 3;
        -:  621:    case minion:
        2:  622:      return 5;
        -:  623:    case steward:
        2:  624:      return 3;
        -:  625:    case tribute:
        2:  626:      return 5;
        -:  627:    case ambassador:
        2:  628:      return 3;
        -:  629:    case cutpurse:
        2:  630:      return 4;
        -:  631:    case embargo: 
        2:  632:      return 2;
        -:  633:    case outpost:
        2:  634:      return 5;
        -:  635:    case salvager:
        2:  636:      return 4;
        -:  637:    case sea_hag:
        2:  638:      return 4;
        -:  639:    case treasure_map:
        2:  640:      return 4;
        -:  641:    }
        -:  642:	
        2:  643:  return -1;
        -:  644:}
        -:  645:
        -:  646:/* Adventurer function refractored*/
        4:  647:int cardAdventurer(int currentPlayer, int temphand [], int drawntreasure, int z, struct gameState *state)
        -:  648:{
        -:  649:	int cardDrawn;
        -:  650:	
       31:  651:	while(drawntreasure<2) 
        -:  652:	{
        -:  653:		/**BUG: state->deckCount[currentPlayer] <1 changed to state->deckCount[currentPlayer] <=1 **/
       23:  654:		if (state->deckCount[currentPlayer] <=1) //if the deck is empty we need to shuffle discard and add to deck
        -:  655:		{
       11:  656:			shuffle(currentPlayer, state);
        -:  657:		}
        -:  658:		
       23:  659:		drawCard(currentPlayer, state);
       23:  660:		cardDrawn = state->hand[currentPlayer][state->handCount[currentPlayer]-1];//top card of hand is most recently drawn card.
        -:  661:		
       23:  662:		if (cardDrawn == copper || cardDrawn == silver || cardDrawn == gold)
        8:  663:			drawntreasure++;
        -:  664:		else
        -:  665:		{
       15:  666:			temphand[z]=cardDrawn;
       15:  667:			state->handCount[currentPlayer]--; //this should just remove the top card (the most recently drawn one).
       15:  668:			z++;
        -:  669:		}
        -:  670:	}
        -:  671:	
       23:  672:	while(z-1>=0)
        -:  673:	{
       15:  674:		state->discard[currentPlayer][state->discardCount[currentPlayer]++]=temphand[z-1]; // discard all cards in play that have been drawn
       15:  675:		z=z-1;
        -:  676:	}
        -:  677:	
        4:  678:	return 0;
        -:  679:}
        -:  680:
        -:  681:/* Smithy function refractored*/
        1:  682:int cardSmithy(int currentPlayer, struct gameState *state, int handPos)
        -:  683:{
        -:  684:	int i; 
        -:  685:	
        -:  686:	//+3 Cards
        3:  687:	for (i = 0; i < 2; i++) /**BUG: < 3 changed to < 2 **/
        -:  688:	{
        2:  689:		drawCard(currentPlayer, state);
        -:  690:	}
        -:  691:
        -:  692:	//discard card from hand
        1:  693:	discardCard(handPos, currentPlayer, state, 0);
        -:  694:	
        1:  695:	return 0;
        -:  696:}
        -:  697:
        -:  698:/* Council function refractored*/
    #####:  699:int cardCouncil(int currentPlayer, struct gameState *state, int handPos)
        -:  700:{
        -:  701:	int i; 
        -:  702:	
        -:  703:	//+4 Cards
    #####:  704:	for (i = 0; i < 4; i++)
        -:  705:	{
    #####:  706:		drawCard(currentPlayer, state);
        -:  707:	}
        -:  708:		
        -:  709:	//+1 Buy
    #####:  710:	state->numBuys++;
        -:  711:		
        -:  712:	//Each other player draws a card
    #####:  713:	for (i = 0; i < state->numPlayers; i++)
        -:  714:	{
    #####:  715:		if ( i == currentPlayer ) /**BUG: i != currentPlayer changed to i == currentPlayer **/
        -:  716:		{
    #####:  717:		  drawCard(i, state);
        -:  718:		}
        -:  719:	}
        -:  720:		
        -:  721:	//put played card in played card pile
    #####:  722:	discardCard(handPos, currentPlayer, state, 0);
        -:  723:		
    #####:  724:	return 0;
        -:  725:}
        -:  726:
        -:  727:/* Village function refractored*/
        1:  728:int cardVillage(int currentPlayer, struct gameState *state, int handPos)
        -:  729:{
        -:  730:	//+1 Card
        1:  731:	drawCard(currentPlayer, state);
        -:  732:		
        -:  733:	//+2 Actions
        1:  734:	state->numActions = state->numActions + 2;
        -:  735:		
        -:  736:	//discard played card from hand
        1:  737:	discardCard(handPos, currentPlayer, state, 0);
        1:  738:	return 0;
        -:  739:}
        -:  740:
        -:  741:/* Remodel function refractored*/
    #####:  742:int cardRemodel(int currentPlayer, int choice1, int choice2, struct gameState *state, int handPos)
        -:  743:{
        -:  744:	int i;
    #####:  745:	int j = state->hand[currentPlayer][choice1];  //store card we will trash
        -:  746:
    #####:  747:	if ( (getCost(state->hand[currentPlayer][choice1]) + 2) > getCost(choice2) )
        -:  748:	{
    #####:  749:		return -1;
        -:  750:	}
        -:  751:
    #####:  752:	gainCard(choice1, state, 0, currentPlayer); /**BUG: choice2 changed choice1 **/
        -:  753:
        -:  754:	//discard card from hand
    #####:  755:	discardCard(handPos, currentPlayer, state, 0);
        -:  756:
        -:  757:	//discard trashed card
    #####:  758:	for (i = 0; i < state->handCount[currentPlayer]; i++)
        -:  759:	{
    #####:  760:		if (state->hand[currentPlayer][i] == j)
        -:  761:		{
    #####:  762:			discardCard(i, currentPlayer, state, 0);			
    #####:  763:			break;
        -:  764:		}
        -:  765:	}
        -:  766:
    #####:  767:	return 0;
        -:  768:}
        -:  769:
        1:  770:int cardEffect(int card, int choice1, int choice2, int choice3, struct gameState *state, int handPos, int *bonus)
        -:  771:{
        -:  772:  int i;
        -:  773:  int j;
        -:  774:  int k;
        -:  775:  int x;
        -:  776:  int index;
        1:  777:  int currentPlayer = whoseTurn(state);
        1:  778:  int nextPlayer = currentPlayer + 1;
        -:  779:
        1:  780:  int tributeRevealedCards[2] = {-1, -1};
        -:  781:  int temphand[MAX_HAND];// moved above the if statement
        1:  782:  int drawntreasure=0;
        -:  783:  //int cardDrawn;
        1:  784:  int z = 0;// this is the counter for the temp hand
        1:  785:  if (nextPlayer > (state->numPlayers - 1)){
    #####:  786:    nextPlayer = 0;
        -:  787:  }
        -:  788:  
        -:  789:	
        -:  790:  //uses switch to select card and perform actions
        1:  791:  switch( card ) 
        -:  792:    {
        -:  793:    case adventurer:
    #####:  794:		cardAdventurer(currentPlayer, temphand, drawntreasure, z, state);
        -:  795:		
        -:  796:/*       while(drawntreasure<2){
        -:  797:	if (state->deckCount[currentPlayer] <1){//if the deck is empty we need to shuffle discard and add to deck
        -:  798:	  shuffle(currentPlayer, state);
        -:  799:	}
        -:  800:	drawCard(currentPlayer, state);
        -:  801:	cardDrawn = state->hand[currentPlayer][state->handCount[currentPlayer]-1];//top card of hand is most recently drawn card.
        -:  802:	if (cardDrawn == copper || cardDrawn == silver || cardDrawn == gold)
        -:  803:	  drawntreasure++;
        -:  804:	else{
        -:  805:	  temphand[z]=cardDrawn;
        -:  806:	  state->handCount[currentPlayer]--; //this should just remove the top card (the most recently drawn one).
        -:  807:	  z++;
        -:  808:	}
        -:  809:      }
        -:  810:      while(z-1>=0){
        -:  811:	state->discard[currentPlayer][state->discardCount[currentPlayer]++]=temphand[z-1]; // discard all cards in play that have been drawn
        -:  812:	z=z-1;
        -:  813:      }
        -:  814:      return 0; */
        -:  815:			
        -:  816:    case council_room:
    #####:  817:		cardCouncil(currentPlayer, state, handPos);
        -:  818:     /*  //+4 Cards
        -:  819:      for (i = 0; i < 4; i++)
        -:  820:	{
        -:  821:	  drawCard(currentPlayer, state);
        -:  822:	}
        -:  823:			
        -:  824:      //+1 Buy
        -:  825:      state->numBuys++;
        -:  826:			
        -:  827:      //Each other player draws a card
        -:  828:      for (i = 0; i < state->numPlayers; i++)
        -:  829:	{
        -:  830:	  if ( i != currentPlayer )
        -:  831:	    {
        -:  832:	      drawCard(i, state);
        -:  833:	    }
        -:  834:	}
        -:  835:			
        -:  836:      //put played card in played card pile
        -:  837:      discardCard(handPos, currentPlayer, state, 0);
        -:  838:			
        -:  839:      return 0; */
        -:  840:			
        -:  841:    case feast:
        -:  842:      //gain card with cost up to 5
        -:  843:      //Backup hand
    #####:  844:      for (i = 0; i <= state->handCount[currentPlayer]; i++){
    #####:  845:	temphand[i] = state->hand[currentPlayer][i];//Backup card
    #####:  846:	state->hand[currentPlayer][i] = -1;//Set to nothing
        -:  847:      }
        -:  848:      //Backup hand
        -:  849:
        -:  850:      //Update Coins for Buy
    #####:  851:      updateCoins(currentPlayer, state, 5);
    #####:  852:      x = 1;//Condition to loop on
    #####:  853:      while( x == 1) {//Buy one card
    #####:  854:	if (supplyCount(choice1, state) <= 0){
        -:  855:	  if (DEBUG)
        -:  856:	    printf("None of that card left, sorry!\n");
        -:  857:
        -:  858:	  if (DEBUG){
        -:  859:	    printf("Cards Left: %d\n", supplyCount(choice1, state));
        -:  860:	  }
        -:  861:	}
    #####:  862:	else if (state->coins < getCost(choice1)){
    #####:  863:	  printf("That card is too expensive!\n");
        -:  864:
        -:  865:	  if (DEBUG){
        -:  866:	    printf("Coins: %d < %d\n", state->coins, getCost(choice1));
        -:  867:	  }
        -:  868:	}
        -:  869:	else{
        -:  870:
        -:  871:	  if (DEBUG){
        -:  872:	    printf("Deck Count: %d\n", state->handCount[currentPlayer] + state->deckCount[currentPlayer] + state->discardCount[currentPlayer]);
        -:  873:	  }
        -:  874:
    #####:  875:	  gainCard(choice1, state, 0, currentPlayer);//Gain the card
    #####:  876:	  x = 0;//No more buying cards
        -:  877:
        -:  878:	  if (DEBUG){
        -:  879:	    printf("Deck Count: %d\n", state->handCount[currentPlayer] + state->deckCount[currentPlayer] + state->discardCount[currentPlayer]);
        -:  880:	  }
        -:  881:
        -:  882:	}
        -:  883:      }     
        -:  884:
        -:  885:      //Reset Hand
    #####:  886:      for (i = 0; i <= state->handCount[currentPlayer]; i++){
    #####:  887:	state->hand[currentPlayer][i] = temphand[i];
    #####:  888:	temphand[i] = -1;
        -:  889:      }
        -:  890:      //Reset Hand
        -:  891:      			
    #####:  892:      return 0;
        -:  893:			
        -:  894:    case gardens:
    #####:  895:      return -1;
        -:  896:			
        -:  897:    case mine:
    #####:  898:      j = state->hand[currentPlayer][choice1];  //store card we will trash
        -:  899:
    #####:  900:      if (state->hand[currentPlayer][choice1] < copper || state->hand[currentPlayer][choice1] > gold)
        -:  901:	{
    #####:  902:	  return -1;
        -:  903:	}
        -:  904:		
    #####:  905:      if (choice2 > treasure_map || choice2 < curse)
        -:  906:	{
    #####:  907:	  return -1;
        -:  908:	}
        -:  909:
    #####:  910:      if ( (getCost(state->hand[currentPlayer][choice1]) + 3) > getCost(choice2) )
        -:  911:	{
    #####:  912:	  return -1;
        -:  913:	}
        -:  914:
    #####:  915:      gainCard(choice2, state, 2, currentPlayer);
        -:  916:
        -:  917:      //discard card from hand
    #####:  918:      discardCard(handPos, currentPlayer, state, 0);
        -:  919:
        -:  920:      //discard trashed card
    #####:  921:      for (i = 0; i < state->handCount[currentPlayer]; i++)
        -:  922:	{
    #####:  923:	  if (state->hand[currentPlayer][i] == j)
        -:  924:	    {
    #####:  925:	      discardCard(i, currentPlayer, state, 0);			
    #####:  926:	      break;
        -:  927:	    }
        -:  928:	}
        -:  929:			
    #####:  930:      return 0;
        -:  931:			
        -:  932:    case remodel:
    #####:  933:		cardRemodel(currentPlayer, choice1, choice2, state, handPos);
        -:  934:     /*  j = state->hand[currentPlayer][choice1];  //store card we will trash
        -:  935:
        -:  936:      if ( (getCost(state->hand[currentPlayer][choice1]) + 2) > getCost(choice2) )
        -:  937:	{
        -:  938:	  return -1;
        -:  939:	}
        -:  940:
        -:  941:      gainCard(choice2, state, 0, currentPlayer);
        -:  942:
        -:  943:      //discard card from hand
        -:  944:      discardCard(handPos, currentPlayer, state, 0);
        -:  945:
        -:  946:      //discard trashed card
        -:  947:      for (i = 0; i < state->handCount[currentPlayer]; i++)
        -:  948:	{
        -:  949:	  if (state->hand[currentPlayer][i] == j)
        -:  950:	    {
        -:  951:	      discardCard(i, currentPlayer, state, 0);			
        -:  952:	      break;
        -:  953:	    }
        -:  954:	}
        -:  955:
        -:  956:
        -:  957:      return 0; */
        -:  958:		
        -:  959:    case smithy:
    #####:  960:		cardSmithy(currentPlayer, state, handPos);
        -:  961:    /*   //+3 Cards
        -:  962:      for (i = 0; i < 3; i++)
        -:  963:	{
        -:  964:	  drawCard(currentPlayer, state);
        -:  965:	}
        -:  966:			
        -:  967:      //discard card from hand
        -:  968:      discardCard(handPos, currentPlayer, state, 0);
        -:  969:      return 0;
        -:  970:		 */
        -:  971:    case village:
    #####:  972:		cardVillage(currentPlayer, state, handPos);
        -:  973:     /*  //+1 Card
        -:  974:      drawCard(currentPlayer, state);
        -:  975:			
        -:  976:      //+2 Actions
        -:  977:      state->numActions = state->numActions + 2;
        -:  978:			
        -:  979:      //discard played card from hand
        -:  980:      discardCard(handPos, currentPlayer, state, 0);
        -:  981:      return 0; */
        -:  982:		
        -:  983:    case baron:
    #####:  984:      state->numBuys++;//Increase buys by 1!
    #####:  985:      if (choice1 > 0){//Boolean true or going to discard an estate
    #####:  986:	int p = 0;//Iterator for hand!
    #####:  987:	int card_not_discarded = 1;//Flag for discard set!
    #####:  988:	while(card_not_discarded){
    #####:  989:	  if (state->hand[currentPlayer][p] == estate){//Found an estate card!
    #####:  990:	    state->coins += 4;//Add 4 coins to the amount of coins
    #####:  991:	    state->discard[currentPlayer][state->discardCount[currentPlayer]] = state->hand[currentPlayer][p];
    #####:  992:	    state->discardCount[currentPlayer]++;
    #####:  993:	    for (;p < state->handCount[currentPlayer]; p++){
    #####:  994:	      state->hand[currentPlayer][p] = state->hand[currentPlayer][p+1];
        -:  995:	    }
    #####:  996:	    state->hand[currentPlayer][state->handCount[currentPlayer]] = -1;
    #####:  997:	    state->handCount[currentPlayer]--;
    #####:  998:	    card_not_discarded = 0;//Exit the loop
        -:  999:	  }
    #####: 1000:	  else if (p > state->handCount[currentPlayer]){
        -: 1001:	    if(DEBUG) {
        -: 1002:	      printf("No estate cards in your hand, invalid choice\n");
        -: 1003:	      printf("Must gain an estate if there are any\n");
        -: 1004:	    }
    #####: 1005:	    if (supplyCount(estate, state) > 0){
    #####: 1006:	      gainCard(estate, state, 0, currentPlayer);
    #####: 1007:	      state->supplyCount[estate]--;//Decrement estates
    #####: 1008:	      if (supplyCount(estate, state) == 0){
    #####: 1009:		isGameOver(state);
        -: 1010:	      }
        -: 1011:	    }
    #####: 1012:	    card_not_discarded = 0;//Exit the loop
        -: 1013:	  }
        -: 1014:			    
        -: 1015:	  else{
    #####: 1016:	    p++;//Next card
        -: 1017:	  }
        -: 1018:	}
        -: 1019:      }
        -: 1020:			    
        -: 1021:      else{
    #####: 1022:	if (supplyCount(estate, state) > 0){
    #####: 1023:	  gainCard(estate, state, 0, currentPlayer);//Gain an estate
    #####: 1024:	  state->supplyCount[estate]--;//Decrement Estates
    #####: 1025:	  if (supplyCount(estate, state) == 0){
    #####: 1026:	    isGameOver(state);
        -: 1027:	  }
        -: 1028:	}
        -: 1029:      }
        -: 1030:	    
        -: 1031:      
    #####: 1032:      return 0;
        -: 1033:		
        -: 1034:    case great_hall:
        -: 1035:      //+1 Card
        1: 1036:      drawCard(currentPlayer, state);
        -: 1037:			
        -: 1038:      //+1 Actions
        1: 1039:      state->numActions++;
        -: 1040:			
        -: 1041:      //discard card from hand
        1: 1042:      discardCard(handPos, currentPlayer, state, 0);
        1: 1043:      return 0;
        -: 1044:		
        -: 1045:    case minion:
        -: 1046:      //+1 action
    #####: 1047:      state->numActions++;
        -: 1048:			
        -: 1049:      //discard card from hand
    #####: 1050:      discardCard(handPos, currentPlayer, state, 0);
        -: 1051:			
    #####: 1052:      if (choice1)		//+2 coins
        -: 1053:	{
    #####: 1054:	  state->coins = state->coins + 2;
        -: 1055:	}
        -: 1056:			
    #####: 1057:      else if (choice2)		//discard hand, redraw 4, other players with 5+ cards discard hand and draw 4
        -: 1058:	{
        -: 1059:	  //discard hand
    #####: 1060:	  while(numHandCards(state) > 0)
        -: 1061:	    {
    #####: 1062:	      discardCard(handPos, currentPlayer, state, 0);
        -: 1063:	    }
        -: 1064:				
        -: 1065:	  //draw 4
    #####: 1066:	  for (i = 0; i < 4; i++)
        -: 1067:	    {
    #####: 1068:	      drawCard(currentPlayer, state);
        -: 1069:	    }
        -: 1070:				
        -: 1071:	  //other players discard hand and redraw if hand size > 4
    #####: 1072:	  for (i = 0; i < state->numPlayers; i++)
        -: 1073:	    {
    #####: 1074:	      if (i != currentPlayer)
        -: 1075:		{
    #####: 1076:		  if ( state->handCount[i] > 4 )
        -: 1077:		    {
        -: 1078:		      //discard hand
    #####: 1079:		      while( state->handCount[i] > 0 )
        -: 1080:			{
    #####: 1081:			  discardCard(handPos, i, state, 0);
        -: 1082:			}
        -: 1083:							
        -: 1084:		      //draw 4
    #####: 1085:		      for (j = 0; j < 4; j++)
        -: 1086:			{
    #####: 1087:			  drawCard(i, state);
        -: 1088:			}
        -: 1089:		    }
        -: 1090:		}
        -: 1091:	    }
        -: 1092:				
        -: 1093:	}
    #####: 1094:      return 0;
        -: 1095:		
        -: 1096:    case steward:
    #####: 1097:      if (choice1 == 1)
        -: 1098:	{
        -: 1099:	  //+2 cards
    #####: 1100:	  drawCard(currentPlayer, state);
    #####: 1101:	  drawCard(currentPlayer, state);
        -: 1102:	}
    #####: 1103:      else if (choice1 == 2)
        -: 1104:	{
        -: 1105:	  //+2 coins
    #####: 1106:	  state->coins = state->coins + 2;
        -: 1107:	}
        -: 1108:      else
        -: 1109:	{
        -: 1110:	  //trash 2 cards in hand
    #####: 1111:	  discardCard(choice2, currentPlayer, state, 1);
    #####: 1112:	  discardCard(choice3, currentPlayer, state, 1);
        -: 1113:	}
        -: 1114:			
        -: 1115:      //discard card from hand
    #####: 1116:      discardCard(handPos, currentPlayer, state, 0);
    #####: 1117:      return 0;
        -: 1118:		
        -: 1119:    case tribute:
    #####: 1120:      if ((state->discardCount[nextPlayer] + state->deckCount[nextPlayer]) <= 1){
    #####: 1121:	if (state->deckCount[nextPlayer] > 0){
    #####: 1122:	  tributeRevealedCards[0] = state->deck[nextPlayer][state->deckCount[nextPlayer]-1];
    #####: 1123:	  state->deckCount[nextPlayer]--;
        -: 1124:	}
    #####: 1125:	else if (state->discardCount[nextPlayer] > 0){
    #####: 1126:	  tributeRevealedCards[0] = state->discard[nextPlayer][state->discardCount[nextPlayer]-1];
    #####: 1127:	  state->discardCount[nextPlayer]--;
        -: 1128:	}
        -: 1129:	else{
        -: 1130:	  //No Card to Reveal
        -: 1131:	  if (DEBUG){
        -: 1132:	    printf("No cards to reveal\n");
        -: 1133:	  }
        -: 1134:	}
        -: 1135:      }
        -: 1136:	    
        -: 1137:      else{
    #####: 1138:	if (state->deckCount[nextPlayer] == 0){
    #####: 1139:	  for (i = 0; i < state->discardCount[nextPlayer]; i++){
    #####: 1140:	    state->deck[nextPlayer][i] = state->discard[nextPlayer][i];//Move to deck
    #####: 1141:	    state->deckCount[nextPlayer]++;
    #####: 1142:	    state->discard[nextPlayer][i] = -1;
    #####: 1143:	    state->discardCount[nextPlayer]--;
        -: 1144:	  }
        -: 1145:			    
    #####: 1146:	  shuffle(nextPlayer,state);//Shuffle the deck
        -: 1147:	} 
    #####: 1148:	tributeRevealedCards[0] = state->deck[nextPlayer][state->deckCount[nextPlayer]-1];
    #####: 1149:	state->deck[nextPlayer][state->deckCount[nextPlayer]--] = -1;
    #####: 1150:	state->deckCount[nextPlayer]--;
    #####: 1151:	tributeRevealedCards[1] = state->deck[nextPlayer][state->deckCount[nextPlayer]-1];
    #####: 1152:	state->deck[nextPlayer][state->deckCount[nextPlayer]--] = -1;
    #####: 1153:	state->deckCount[nextPlayer]--;
        -: 1154:      }    
        -: 1155:		       
    #####: 1156:      if (tributeRevealedCards[0] == tributeRevealedCards[1]){//If we have a duplicate card, just drop one 
    #####: 1157:	state->playedCards[state->playedCardCount] = tributeRevealedCards[1];
    #####: 1158:	state->playedCardCount++;
    #####: 1159:	tributeRevealedCards[1] = -1;
        -: 1160:      }
        -: 1161:
    #####: 1162:      for (i = 0; i <= 2; i ++){
    #####: 1163:	if (tributeRevealedCards[i] == copper || tributeRevealedCards[i] == silver || tributeRevealedCards[i] == gold){//Treasure cards
    #####: 1164:	  state->coins += 2;
        -: 1165:	}
        -: 1166:		    
    #####: 1167:	else if (tributeRevealedCards[i] == estate || tributeRevealedCards[i] == duchy || tributeRevealedCards[i] == province || tributeRevealedCards[i] == gardens || tributeRevealedCards[i] == great_hall){//Victory Card Found
    #####: 1168:	  drawCard(currentPlayer, state);
    #####: 1169:	  drawCard(currentPlayer, state);
        -: 1170:	}
        -: 1171:	else{//Action Card
    #####: 1172:	  state->numActions = state->numActions + 2;
        -: 1173:	}
        -: 1174:      }
        -: 1175:	    
    #####: 1176:      return 0;
        -: 1177:		
        -: 1178:    case ambassador:
    #####: 1179:      j = 0;		//used to check if player has enough cards to discard
        -: 1180:
    #####: 1181:      if (choice2 > 2 || choice2 < 0)
        -: 1182:	{
    #####: 1183:	  return -1;				
        -: 1184:	}
        -: 1185:
    #####: 1186:      if (choice1 == handPos)
        -: 1187:	{
    #####: 1188:	  return -1;
        -: 1189:	}
        -: 1190:
    #####: 1191:      for (i = 0; i < state->handCount[currentPlayer]; i++)
        -: 1192:	{
    #####: 1193:	  if (i != handPos && i == state->hand[currentPlayer][choice1] && i != choice1)
        -: 1194:	    {
    #####: 1195:	      j++;
        -: 1196:	    }
        -: 1197:	}
    #####: 1198:      if (j < choice2)
        -: 1199:	{
    #####: 1200:	  return -1;				
        -: 1201:	}
        -: 1202:
        -: 1203:      if (DEBUG) 
        -: 1204:	printf("Player %d reveals card number: %d\n", currentPlayer, state->hand[currentPlayer][choice1]);
        -: 1205:
        -: 1206:      //increase supply count for choosen card by amount being discarded
    #####: 1207:      state->supplyCount[state->hand[currentPlayer][choice1]] += choice2;
        -: 1208:			
        -: 1209:      //each other player gains a copy of revealed card
    #####: 1210:      for (i = 0; i < state->numPlayers; i++)
        -: 1211:	{
    #####: 1212:	  if (i != currentPlayer)
        -: 1213:	    {
    #####: 1214:	      gainCard(state->hand[currentPlayer][choice1], state, 0, i);
        -: 1215:	    }
        -: 1216:	}
        -: 1217:
        -: 1218:      //discard played card from hand
    #####: 1219:      discardCard(handPos, currentPlayer, state, 0);			
        -: 1220:
        -: 1221:      //trash copies of cards returned to supply
    #####: 1222:      for (j = 0; j < choice2; j++)
        -: 1223:	{
    #####: 1224:	  for (i = 0; i < state->handCount[currentPlayer]; i++)
        -: 1225:	    {
    #####: 1226:	      if (state->hand[currentPlayer][i] == state->hand[currentPlayer][choice1])
        -: 1227:		{
    #####: 1228:		  discardCard(i, currentPlayer, state, 1);
    #####: 1229:		  break;
        -: 1230:		}
        -: 1231:	    }
        -: 1232:	}			
        -: 1233:
    #####: 1234:      return 0;
        -: 1235:		
        -: 1236:    case cutpurse:
        -: 1237:
    #####: 1238:      updateCoins(currentPlayer, state, 2);
    #####: 1239:      for (i = 0; i < state->numPlayers; i++)
        -: 1240:	{
    #####: 1241:	  if (i != currentPlayer)
        -: 1242:	    {
    #####: 1243:	      for (j = 0; j < state->handCount[i]; j++)
        -: 1244:		{
    #####: 1245:		  if (state->hand[i][j] == copper)
        -: 1246:		    {
    #####: 1247:		      discardCard(j, i, state, 0);
    #####: 1248:		      break;
        -: 1249:		    }
    #####: 1250:		  if (j == state->handCount[i])
        -: 1251:		    {
    #####: 1252:		      for (k = 0; k < state->handCount[i]; k++)
        -: 1253:			{
        -: 1254:			  if (DEBUG)
        -: 1255:			    printf("Player %d reveals card number %d\n", i, state->hand[i][k]);
        -: 1256:			}	
    #####: 1257:		      break;
        -: 1258:		    }		
        -: 1259:		}
        -: 1260:					
        -: 1261:	    }
        -: 1262:				
        -: 1263:	}				
        -: 1264:
        -: 1265:      //discard played card from hand
    #####: 1266:      discardCard(handPos, currentPlayer, state, 0);			
        -: 1267:
    #####: 1268:      return 0;
        -: 1269:
        -: 1270:		
        -: 1271:    case embargo: 
        -: 1272:      //+2 Coins
    #####: 1273:      state->coins = state->coins + 2;
        -: 1274:			
        -: 1275:      //see if selected pile is in play
    #####: 1276:      if ( state->supplyCount[choice1] == -1 )
        -: 1277:	{
    #####: 1278:	  return -1;
        -: 1279:	}
        -: 1280:			
        -: 1281:      //add embargo token to selected supply pile
    #####: 1282:      state->embargoTokens[choice1]++;
        -: 1283:			
        -: 1284:      //trash card
    #####: 1285:      discardCard(handPos, currentPlayer, state, 1);		
    #####: 1286:      return 0;
        -: 1287:		
        -: 1288:    case outpost:
        -: 1289:      //set outpost flag
    #####: 1290:      state->outpostPlayed++;
        -: 1291:			
        -: 1292:      //discard card
    #####: 1293:      discardCard(handPos, currentPlayer, state, 0);
    #####: 1294:      return 0;
        -: 1295:		
        -: 1296:    case salvager:
        -: 1297:      //+1 buy
    #####: 1298:      state->numBuys++;
        -: 1299:			
    #####: 1300:      if (choice1)
        -: 1301:	{
        -: 1302:	  //gain coins equal to trashed card
    #####: 1303:	  state->coins = state->coins + getCost( handCard(choice1, state) );
        -: 1304:	  //trash card
    #####: 1305:	  discardCard(choice1, currentPlayer, state, 1);	
        -: 1306:	}
        -: 1307:			
        -: 1308:      //discard card
    #####: 1309:      discardCard(handPos, currentPlayer, state, 0);
    #####: 1310:      return 0;
        -: 1311:		
        -: 1312:    case sea_hag:
    #####: 1313:      for (i = 0; i < state->numPlayers; i++){
    #####: 1314:	if (i != currentPlayer){
    #####: 1315:	  state->discard[i][state->discardCount[i]] = state->deck[i][state->deckCount[i]--];			    state->deckCount[i]--;
    #####: 1316:	  state->discardCount[i]++;
    #####: 1317:	  state->deck[i][state->deckCount[i]--] = curse;//Top card now a curse
        -: 1318:	}
        -: 1319:      }
    #####: 1320:      return 0;
        -: 1321:		
        -: 1322:    case treasure_map:
        -: 1323:      //search hand for another treasure_map
    #####: 1324:      index = -1;
    #####: 1325:      for (i = 0; i < state->handCount[currentPlayer]; i++)
        -: 1326:	{
    #####: 1327:	  if (state->hand[currentPlayer][i] == treasure_map && i != handPos)
        -: 1328:	    {
    #####: 1329:	      index = i;
    #####: 1330:	      break;
        -: 1331:	    }
        -: 1332:	}
    #####: 1333:      if (index > -1)
        -: 1334:	{
        -: 1335:	  //trash both treasure cards
    #####: 1336:	  discardCard(handPos, currentPlayer, state, 1);
    #####: 1337:	  discardCard(index, currentPlayer, state, 1);
        -: 1338:
        -: 1339:	  //gain 4 Gold cards
    #####: 1340:	  for (i = 0; i < 4; i++)
        -: 1341:	    {
    #####: 1342:	      gainCard(gold, state, 1, currentPlayer);
        -: 1343:	    }
        -: 1344:				
        -: 1345:	  //return success
    #####: 1346:	  return 1;
        -: 1347:	}
        -: 1348:			
        -: 1349:      //no second treasure_map found in hand
    #####: 1350:      return -1;
        -: 1351:    }
        -: 1352:	
    #####: 1353:  return -1;
        -: 1354:}
        -: 1355:
        3: 1356:int discardCard(int handPos, int currentPlayer, struct gameState *state, int trashFlag)
        -: 1357:{
        -: 1358:	
        -: 1359:  //if card is not trashed, added to Played pile 
        3: 1360:  if (trashFlag < 1)
        -: 1361:    {
        -: 1362:      //add card to played pile
        3: 1363:      state->playedCards[state->playedCardCount] = state->hand[currentPlayer][handPos]; 
        3: 1364:      state->playedCardCount++;
        -: 1365:    }
        -: 1366:	
        -: 1367:  //set played card to -1
        3: 1368:  state->hand[currentPlayer][handPos] = -1;
        -: 1369:	
        -: 1370:  //remove card from player's hand
        3: 1371:  if ( handPos == (state->handCount[currentPlayer] - 1) ) 	//last card in hand array is played
        -: 1372:    {
        -: 1373:      //reduce number of cards in hand
    #####: 1374:      state->handCount[currentPlayer]--;
        -: 1375:    }
        3: 1376:  else if ( state->handCount[currentPlayer] == 1 ) //only one card in hand
        -: 1377:    {
        -: 1378:      //reduce number of cards in hand
    #####: 1379:      state->handCount[currentPlayer]--;
        -: 1380:    }
        -: 1381:  else 	
        -: 1382:    {
        -: 1383:      //replace discarded card with last card in hand
        3: 1384:      state->hand[currentPlayer][handPos] = state->hand[currentPlayer][ (state->handCount[currentPlayer] - 1)];
        -: 1385:      //set last card to -1
        3: 1386:      state->hand[currentPlayer][state->handCount[currentPlayer] - 1] = -1;
        -: 1387:      //reduce number of cards in hand
        3: 1388:      state->handCount[currentPlayer]--;
        -: 1389:    }
        -: 1390:	
        3: 1391:  return 0;
        -: 1392:}
        -: 1393:
       33: 1394:int gainCard(int supplyPos, struct gameState *state, int toFlag, int player)
        -: 1395:{
        -: 1396:  //Note: supplyPos is enum of choosen card
        -: 1397:	
        -: 1398:  //check if supply pile is empty (0) or card is not used in game (-1)
       33: 1399:  if ( supplyCount(supplyPos, state) < 1 )
        -: 1400:    {
        3: 1401:      return -1;
        -: 1402:    }
        -: 1403:	
        -: 1404:  //added card for [whoseTurn] current player:
        -: 1405:  // toFlag = 0 : add to discard
        -: 1406:  // toFlag = 1 : add to deck
        -: 1407:  // toFlag = 2 : add to hand
        -: 1408:
       30: 1409:  if (toFlag == 1)
        -: 1410:    {
       10: 1411:      state->deck[ player ][ state->deckCount[player] ] = supplyPos;
       10: 1412:      state->deckCount[player]++;
        -: 1413:    }
       20: 1414:  else if (toFlag == 2)
        -: 1415:    {
       10: 1416:      state->hand[ player ][ state->handCount[player] ] = supplyPos;
       10: 1417:      state->handCount[player]++;
        -: 1418:    }
        -: 1419:  else
        -: 1420:    {
       10: 1421:      state->discard[player][ state->discardCount[player] ] = supplyPos;
       10: 1422:      state->discardCount[player]++;
        -: 1423:    }
        -: 1424:	
        -: 1425:  //decrease number in supply pile
       30: 1426:  state->supplyCount[supplyPos]--;
        -: 1427:	 
       30: 1428:  return 0;
        -: 1429:}
        -: 1430:
       20: 1431:int updateCoins(int player, struct gameState *state, int bonus)
        -: 1432:{
        -: 1433:  int i;
        -: 1434:	
        -: 1435:  //reset coin count
       20: 1436:  state->coins = 0;
        -: 1437:
        -: 1438:  //add coins for each Treasure card in player's hand
      120: 1439:  for (i = 0; i < state->handCount[player]; i++)
        -: 1440:    {
      100: 1441:      if (state->hand[player][i] == copper)
        -: 1442:	{
       80: 1443:	  state->coins += 1;
        -: 1444:	}
       20: 1445:      else if (state->hand[player][i] == silver)
        -: 1446:	{
    #####: 1447:	  state->coins += 2;
        -: 1448:	}
       20: 1449:      else if (state->hand[player][i] == gold)
        -: 1450:	{
    #####: 1451:	  state->coins += 3;
        -: 1452:	}	
        -: 1453:    }	
        -: 1454:
        -: 1455:  //add bonus
       20: 1456:  state->coins += bonus;
        -: 1457:
       20: 1458:  return 0;
        -: 1459:}
        -: 1460:
        -: 1461:
        -: 1462://end of dominion.c
        -: 1463:
