        -:    0:Source:dominion.c
        -:    0:Graph:dominion.gcno
        -:    0:Data:dominion.gcda
        -:    0:Runs:8
        -:    0:Programs:8
        -:    1:#include "dominion.h"
        -:    2:#include "dominion_helpers.h"
        -:    3:#include "rngs.h"
        -:    4:#include <stdio.h>
        -:    5:#include <math.h>
        -:    6:#include <stdlib.h>
        -:    7:
function compare called 630 returned 100% blocks executed 83%
      630:    8:int compare(const void* a, const void* b) {
      630:    9:  if (*(int*)a > *(int*)b)
branch  0 taken 0% (fallthrough)
branch  1 taken 100%
    #####:   10:    return 1;
      630:   11:  if (*(int*)a < *(int*)b)
branch  0 taken 27% (fallthrough)
branch  1 taken 73%
      168:   12:    return -1;
      462:   13:  return 0;
        -:   14:}
        -:   15:
function newGame called 0 returned 0% blocks executed 0%
    #####:   16:struct gameState* newGame() {
    #####:   17:  struct gameState* g = malloc(sizeof(struct gameState));
    #####:   18:  return g;
        -:   19:}
        -:   20:
function kingdomCards called 0 returned 0% blocks executed 0%
    #####:   21:int* kingdomCards(int k1, int k2, int k3, int k4, int k5, int k6, int k7,
        -:   22:		  int k8, int k9, int k10) {
    #####:   23:  int* k = malloc(10 * sizeof(int));
    #####:   24:  k[0] = k1;
    #####:   25:  k[1] = k2;
    #####:   26:  k[2] = k3;
    #####:   27:  k[3] = k4;
    #####:   28:  k[4] = k5;
    #####:   29:  k[5] = k6;
    #####:   30:  k[6] = k7;
    #####:   31:  k[7] = k8;
    #####:   32:  k[8] = k9;
    #####:   33:  k[9] = k10;
    #####:   34:  return k;
        -:   35:}
        -:   36:
function initializeGame called 20 returned 100% blocks executed 94%
       20:   37:int initializeGame(int numPlayers, int kingdomCards[10], int randomSeed,
        -:   38:		   struct gameState *state) {
        -:   39:
        -:   40:  int i;
        -:   41:  int j;
        -:   42:  int it;			
        -:   43:  //set up random number generator
       20:   44:  SelectStream(1);
call    0 returned 100%
       20:   45:  PutSeed((long)randomSeed);
call    0 returned 100%
        -:   46:  
        -:   47:  //check number of players
       20:   48:  if (numPlayers > MAX_PLAYERS || numPlayers < 2)
branch  0 taken 100% (fallthrough)
branch  1 taken 0%
branch  2 taken 0% (fallthrough)
branch  3 taken 100%
        -:   49:    {
    #####:   50:      return -1;
        -:   51:    }
        -:   52:
        -:   53:  //set number of players
       20:   54:  state->numPlayers = numPlayers;
        -:   55:
        -:   56:  //check selected kingdom cards are different
      220:   57:  for (i = 0; i < 10; i++)
branch  0 taken 91%
branch  1 taken 9% (fallthrough)
        -:   58:    {
     2200:   59:      for (j = 0; j < 10; j++)
branch  0 taken 91%
branch  1 taken 9% (fallthrough)
        -:   60:        {
     2000:   61:	  if (j != i && kingdomCards[j] == kingdomCards[i])
branch  0 taken 90% (fallthrough)
branch  1 taken 10%
branch  2 taken 0% (fallthrough)
branch  3 taken 100%
        -:   62:	    {
    #####:   63:	      return -1;
        -:   64:	    }
        -:   65:        }
        -:   66:    }
        -:   67:
        -:   68:
        -:   69:  //initialize supply
        -:   70:  ///////////////////////////////
        -:   71:
        -:   72:  //set number of Curse cards
       20:   73:  if (numPlayers == 2)
branch  0 taken 95% (fallthrough)
branch  1 taken 5%
        -:   74:    {
       19:   75:      state->supplyCount[curse] = 10;
        -:   76:    }
        1:   77:  else if (numPlayers == 3)
branch  0 taken 0% (fallthrough)
branch  1 taken 100%
        -:   78:    {
    #####:   79:      state->supplyCount[curse] = 20;
        -:   80:    }
        -:   81:  else
        -:   82:    {
        1:   83:      state->supplyCount[curse] = 30;
        -:   84:    }
        -:   85:
        -:   86:  //set number of Victory cards
       20:   87:  if (numPlayers == 2)
branch  0 taken 95% (fallthrough)
branch  1 taken 5%
        -:   88:    {
       19:   89:      state->supplyCount[estate] = 8;
       19:   90:      state->supplyCount[duchy] = 8;
       19:   91:      state->supplyCount[province] = 8;
        -:   92:    }
        -:   93:  else
        -:   94:    {
        1:   95:      state->supplyCount[estate] = 12;
        1:   96:      state->supplyCount[duchy] = 12;
        1:   97:      state->supplyCount[province] = 12;
        -:   98:    }
        -:   99:
        -:  100:  //set number of Treasure cards
       20:  101:  state->supplyCount[copper] = 60 - (7 * numPlayers);
       20:  102:  state->supplyCount[silver] = 40;
       20:  103:  state->supplyCount[gold] = 30;
        -:  104:
        -:  105:  //set number of Kingdom cards
      420:  106:  for (i = adventurer; i <= treasure_map; i++)       	//loop all cards
branch  0 taken 95%
branch  1 taken 5% (fallthrough)
        -:  107:    {
     3300:  108:      for (j = 0; j < 10; j++)           		//loop chosen cards
branch  0 taken 94%
branch  1 taken 6% (fallthrough)
        -:  109:	{
     3100:  110:	  if (kingdomCards[j] == i)
branch  0 taken 6% (fallthrough)
branch  1 taken 94%
        -:  111:	    {
        -:  112:	      //check if card is a 'Victory' Kingdom card
      200:  113:	      if (kingdomCards[j] == great_hall || kingdomCards[j] == gardens)
branch  0 taken 100% (fallthrough)
branch  1 taken 0%
branch  2 taken 8% (fallthrough)
branch  3 taken 92%
        -:  114:		{
       32:  115:		  if (numPlayers == 2){ 
branch  0 taken 94% (fallthrough)
branch  1 taken 6%
       15:  116:		    state->supplyCount[i] = 8; 
        -:  117:		  }
        1:  118:		  else{ state->supplyCount[i] = 12; }
        -:  119:		}
        -:  120:	      else
        -:  121:		{
      184:  122:		  state->supplyCount[i] = 10;
        -:  123:		}
      200:  124:	      break;
        -:  125:	    }
        -:  126:	  else    //card is not in the set choosen for the game
        -:  127:	    {
     2900:  128:	      state->supplyCount[i] = -1;
        -:  129:	    }
        -:  130:	}
        -:  131:
        -:  132:    }
        -:  133:
        -:  134:  ////////////////////////
        -:  135:  //supply intilization complete
        -:  136:
        -:  137:  //set player decks
       62:  138:  for (i = 0; i < numPlayers; i++)
branch  0 taken 68%
branch  1 taken 32% (fallthrough)
        -:  139:    {
       42:  140:      state->deckCount[i] = 0;
      168:  141:      for (j = 0; j < 3; j++)
branch  0 taken 75%
branch  1 taken 25% (fallthrough)
        -:  142:	{
      126:  143:	  state->deck[i][j] = estate;
      126:  144:	  state->deckCount[i]++;
        -:  145:	}
      336:  146:      for (j = 3; j < 10; j++)
branch  0 taken 88%
branch  1 taken 13% (fallthrough)
        -:  147:	{
      294:  148:	  state->deck[i][j] = copper;
      294:  149:	  state->deckCount[i]++;		
        -:  150:	}
        -:  151:    }
        -:  152:
        -:  153:  //shuffle player decks
       62:  154:  for (i = 0; i < numPlayers; i++)
branch  0 taken 68%
branch  1 taken 32% (fallthrough)
        -:  155:    {
       42:  156:      if ( shuffle(i, state) < 0 )
call    0 returned 100%
branch  1 taken 0% (fallthrough)
branch  2 taken 100%
        -:  157:	{
    #####:  158:	  return -1;
        -:  159:	}
        -:  160:    }
        -:  161:
        -:  162:  //draw player hands
       62:  163:  for (i = 0; i < numPlayers; i++)
branch  0 taken 68%
branch  1 taken 32% (fallthrough)
        -:  164:    {  
        -:  165:      //initialize hand size to zero
       42:  166:      state->handCount[i] = 0;
       42:  167:      state->discardCount[i] = 0;
        -:  168:      //draw 5 cards
        -:  169:      // for (j = 0; j < 5; j++)
        -:  170:      //	{
        -:  171:      //	  drawCard(i, state);
        -:  172:      //	}
        -:  173:    }
        -:  174:  
        -:  175:  //set embargo tokens to 0 for all supply piles
      560:  176:  for (i = 0; i <= treasure_map; i++)
branch  0 taken 96%
branch  1 taken 4% (fallthrough)
        -:  177:    {
      540:  178:      state->embargoTokens[i] = 0;
        -:  179:    }
        -:  180:
        -:  181:  //initialize first player's turn
       20:  182:  state->outpostPlayed = 0;
       20:  183:  state->phase = 0;
       20:  184:  state->numActions = 1;
       20:  185:  state->numBuys = 1;
       20:  186:  state->playedCardCount = 0;
       20:  187:  state->whoseTurn = 0;
       20:  188:  state->handCount[state->whoseTurn] = 0;
        -:  189:  //int it; move to top
        -:  190:
        -:  191:  //Moved draw cards to here, only drawing at the start of a turn
      120:  192:  for (it = 0; it < 5; it++){
branch  0 taken 83%
branch  1 taken 17% (fallthrough)
      100:  193:    drawCard(state->whoseTurn, state);
call    0 returned 100%
        -:  194:  }
        -:  195:
       20:  196:  updateCoins(state->whoseTurn, state, 0);
call    0 returned 100%
        -:  197:
       20:  198:  return 0;
        -:  199:}
        -:  200:
function shuffle called 56 returned 100% blocks executed 100%
       56:  201:int shuffle(int player, struct gameState *state) {
        -:  202: 
        -:  203:
        -:  204:  int newDeck[MAX_DECK];
       56:  205:  int newDeckPos = 0;
        -:  206:  int card;
        -:  207:  int i;
        -:  208:
       56:  209:  if (state->deckCount[player] < 1)
branch  0 taken 25% (fallthrough)
branch  1 taken 75%
       14:  210:    return -1;
       42:  211:  qsort ((void*)(state->deck[player]), state->deckCount[player], sizeof(int), compare); 
call    0 returned 100%
        -:  212:  /* SORT CARDS IN DECK TO ENSURE DETERMINISM! */
        -:  213:
      504:  214:  while (state->deckCount[player] > 0) {
branch  0 taken 91%
branch  1 taken 9% (fallthrough)
      420:  215:    card = floor(Random() * state->deckCount[player]);
call    0 returned 100%
      420:  216:    newDeck[newDeckPos] = state->deck[player][card];
      420:  217:    newDeckPos++;
     1469:  218:    for (i = card; i < state->deckCount[player]-1; i++) {
branch  0 taken 71%
branch  1 taken 29% (fallthrough)
     1049:  219:      state->deck[player][i] = state->deck[player][i+1];
        -:  220:    }
      420:  221:    state->deckCount[player]--;
        -:  222:  }
      462:  223:  for (i = 0; i < newDeckPos; i++) {
branch  0 taken 91%
branch  1 taken 9% (fallthrough)
      420:  224:    state->deck[player][i] = newDeck[i];
      420:  225:    state->deckCount[player]++;
        -:  226:  }
        -:  227:
       42:  228:  return 0;
        -:  229:}
        -:  230:
function playCard called 0 returned 0% blocks executed 0%
    #####:  231:int playCard(int handPos, int choice1, int choice2, int choice3, struct gameState *state) 
        -:  232:{	
        -:  233:  int card;
    #####:  234:  int coin_bonus = 0; 		//tracks coins gain from actions
        -:  235:
        -:  236:  //check if it is the right phase
    #####:  237:  if (state->phase != 0)
branch  0 never executed
branch  1 never executed
        -:  238:    {
    #####:  239:      return -1;
        -:  240:    }
        -:  241:	
        -:  242:  //check if player has enough actions
    #####:  243:  if ( state->numActions < 1 )
branch  0 never executed
branch  1 never executed
        -:  244:    {
    #####:  245:      return -1;
        -:  246:    }
        -:  247:	
        -:  248:  //get card played
    #####:  249:  card = handCard(handPos, state);
call    0 never executed
        -:  250:	
        -:  251:  //check if selected card is an action
    #####:  252:  if ( card < adventurer || card > treasure_map )
branch  0 never executed
branch  1 never executed
branch  2 never executed
branch  3 never executed
        -:  253:    {
    #####:  254:      return -1;
        -:  255:    }
        -:  256:	
        -:  257:  //play card
    #####:  258:  if ( cardEffect(card, choice1, choice2, choice3, state, handPos, &coin_bonus) < 0 )
call    0 never executed
branch  1 never executed
branch  2 never executed
        -:  259:    {
    #####:  260:      return -1;
        -:  261:    }
        -:  262:	
        -:  263:  //reduce number of actions
    #####:  264:  state->numActions--;
        -:  265:
        -:  266:  //update coins (Treasure cards may be added with card draws)
    #####:  267:  updateCoins(state->whoseTurn, state, coin_bonus);
call    0 never executed
        -:  268:	
    #####:  269:  return 0;
        -:  270:}
        -:  271:
function buyCard called 0 returned 0% blocks executed 0%
    #####:  272:int buyCard(int supplyPos, struct gameState *state) {
        -:  273:  int who;
        -:  274:  if (DEBUG){
        -:  275:    printf("Entering buyCard...\n");
        -:  276:  }
        -:  277:
        -:  278:  // I don't know what to do about the phase thing.
        -:  279:
    #####:  280:  who = state->whoseTurn;
        -:  281:
    #####:  282:  if (state->numBuys < 1){
branch  0 never executed
branch  1 never executed
        -:  283:    if (DEBUG)
        -:  284:      printf("You do not have any buys left\n");
    #####:  285:    return -1;
    #####:  286:  } else if (supplyCount(supplyPos, state) <1){
call    0 never executed
branch  1 never executed
branch  2 never executed
        -:  287:    if (DEBUG)
        -:  288:      printf("There are not any of that type of card left\n");
    #####:  289:    return -1;
    #####:  290:  } else if (state->coins < getCost(supplyPos)){
call    0 never executed
branch  1 never executed
branch  2 never executed
        -:  291:    if (DEBUG) 
        -:  292:      printf("You do not have enough money to buy that. You have %d coins.\n", state->coins);
    #####:  293:    return -1;
        -:  294:  } else {
    #####:  295:    state->phase=1;
        -:  296:    //state->supplyCount[supplyPos]--;
    #####:  297:    gainCard(supplyPos, state, 0, who); //card goes in discard, this might be wrong.. (2 means goes into hand, 0 goes into discard)
call    0 never executed
        -:  298:  
    #####:  299:    state->coins = (state->coins) - (getCost(supplyPos));
call    0 never executed
    #####:  300:    state->numBuys--;
        -:  301:    if (DEBUG)
        -:  302:      printf("You bought card number %d for %d coins. You now have %d buys and %d coins.\n", supplyPos, getCost(supplyPos), state->numBuys, state->coins);
        -:  303:  }
        -:  304:
        -:  305:  //state->discard[who][state->discardCount[who]] = supplyPos;
        -:  306:  //state->discardCount[who]++;
        -:  307:    
    #####:  308:  return 0;
        -:  309:}
        -:  310:
function numHandCards called 0 returned 0% blocks executed 0%
    #####:  311:int numHandCards(struct gameState *state) {
    #####:  312:  return state->handCount[ whoseTurn(state) ];
call    0 never executed
        -:  313:}
        -:  314:
function handCard called 0 returned 0% blocks executed 0%
    #####:  315:int handCard(int handPos, struct gameState *state) {
    #####:  316:  int currentPlayer = whoseTurn(state);
call    0 never executed
    #####:  317:  return state->hand[currentPlayer][handPos];
        -:  318:}
        -:  319:
function supplyCount called 123 returned 100% blocks executed 100%
      123:  320:int supplyCount(int card, struct gameState *state) {
      123:  321:  return state->supplyCount[card];
        -:  322:}
        -:  323:
function fullDeckCount called 60 returned 100% blocks executed 100%
       60:  324:int fullDeckCount(int player, int card, struct gameState *state) {
        -:  325:  int i;
       60:  326:  int count = 0;
        -:  327:
      360:  328:  for (i = 0; i < state->deckCount[player]; i++)
branch  0 taken 83%
branch  1 taken 17% (fallthrough)
        -:  329:    {
      300:  330:      if (state->deck[player][i] == card) count++;
branch  0 taken 14% (fallthrough)
branch  1 taken 86%
        -:  331:    }
        -:  332:
      360:  333:  for (i = 0; i < state->handCount[player]; i++)
branch  0 taken 83%
branch  1 taken 17% (fallthrough)
        -:  334:    {
      300:  335:      if (state->hand[player][i] == card) count++;
branch  0 taken 14% (fallthrough)
branch  1 taken 86%
        -:  336:    }
        -:  337:
      160:  338:  for (i = 0; i < state->discardCount[player]; i++)
branch  0 taken 63%
branch  1 taken 38% (fallthrough)
        -:  339:    {
      100:  340:      if (state->discard[player][i] == card) count++;
branch  0 taken 42% (fallthrough)
branch  1 taken 58%
        -:  341:    }
        -:  342:
       60:  343:  return count;
        -:  344:}
        -:  345:
function whoseTurn called 15 returned 100% blocks executed 100%
       15:  346:int whoseTurn(struct gameState *state) {
       15:  347:  return state->whoseTurn;
        -:  348:}
        -:  349:
function endTurn called 0 returned 0% blocks executed 0%
    #####:  350:int endTurn(struct gameState *state) {
        -:  351:  int k;
        -:  352:  int i;
    #####:  353:  int currentPlayer = whoseTurn(state);
call    0 never executed
        -:  354:  
        -:  355:  //Discard hand
    #####:  356:  for (i = 0; i < state->handCount[currentPlayer]; i++){
branch  0 never executed
branch  1 never executed
    #####:  357:    state->discard[currentPlayer][state->discardCount[currentPlayer]++] = state->hand[currentPlayer][i];//Discard
    #####:  358:    state->hand[currentPlayer][i] = -1;//Set card to -1
        -:  359:  }
    #####:  360:  state->handCount[currentPlayer] = 0;//Reset hand count
        -:  361:    
        -:  362:  //Code for determining the player
    #####:  363:  if (currentPlayer < (state->numPlayers - 1)){ 
branch  0 never executed
branch  1 never executed
    #####:  364:    state->whoseTurn = currentPlayer + 1;//Still safe to increment
        -:  365:  }
        -:  366:  else{
    #####:  367:    state->whoseTurn = 0;//Max player has been reached, loop back around to player 1
        -:  368:  }
        -:  369:
    #####:  370:  state->outpostPlayed = 0;
    #####:  371:  state->phase = 0;
    #####:  372:  state->numActions = 1;
    #####:  373:  state->coins = 0;
    #####:  374:  state->numBuys = 1;
    #####:  375:  state->playedCardCount = 0;
    #####:  376:  state->handCount[state->whoseTurn] = 0;
        -:  377:
        -:  378:  //int k; move to top
        -:  379:  //Next player draws hand
    #####:  380:  for (k = 0; k < 5; k++){
branch  0 never executed
branch  1 never executed
    #####:  381:    drawCard(state->whoseTurn, state);//Draw a card
call    0 never executed
        -:  382:  }
        -:  383:
        -:  384:  //Update money
    #####:  385:  updateCoins(state->whoseTurn, state , 0);
call    0 never executed
        -:  386:
    #####:  387:  return 0;
        -:  388:}
        -:  389:
function isGameOver called 0 returned 0% blocks executed 0%
    #####:  390:int isGameOver(struct gameState *state) {
        -:  391:  int i;
        -:  392:  int j;
        -:  393:	
        -:  394:  //if stack of Province cards is empty, the game ends
    #####:  395:  if (state->supplyCount[province] == 0)
branch  0 never executed
branch  1 never executed
        -:  396:    {
    #####:  397:      return 1;
        -:  398:    }
        -:  399:
        -:  400:  //if three supply pile are at 0, the game ends
    #####:  401:  j = 0;
    #####:  402:  for (i = 0; i < 25; i++)
branch  0 never executed
branch  1 never executed
        -:  403:    {
    #####:  404:      if (state->supplyCount[i] == 0)
branch  0 never executed
branch  1 never executed
        -:  405:	{
    #####:  406:	  j++;
        -:  407:	}
        -:  408:    }
    #####:  409:  if ( j >= 3)
branch  0 never executed
branch  1 never executed
        -:  410:    {
    #####:  411:      return 1;
        -:  412:    }
        -:  413:
    #####:  414:  return 0;
        -:  415:}
        -:  416:
function scoreFor called 0 returned 0% blocks executed 0%
    #####:  417:int scoreFor (int player, struct gameState *state) {
        -:  418:
        -:  419:  int i;
    #####:  420:  int score = 0;
        -:  421:  //score from hand
    #####:  422:  for (i = 0; i < state->handCount[player]; i++)
branch  0 never executed
branch  1 never executed
        -:  423:    {
    #####:  424:      if (state->hand[player][i] == curse) { score = score - 1; };
branch  0 never executed
branch  1 never executed
    #####:  425:      if (state->hand[player][i] == estate) { score = score + 1; };
branch  0 never executed
branch  1 never executed
    #####:  426:      if (state->hand[player][i] == duchy) { score = score + 3; };
branch  0 never executed
branch  1 never executed
    #####:  427:      if (state->hand[player][i] == province) { score = score + 6; };
branch  0 never executed
branch  1 never executed
    #####:  428:      if (state->hand[player][i] == great_hall) { score = score + 1; };
branch  0 never executed
branch  1 never executed
    #####:  429:      if (state->hand[player][i] == gardens) { score = score + ( fullDeckCount(player, 0, state) / 10 ); };
branch  0 never executed
branch  1 never executed
call    2 never executed
        -:  430:    }
        -:  431:
        -:  432:  //score from discard
    #####:  433:  for (i = 0; i < state->discardCount[player]; i++)
branch  0 never executed
branch  1 never executed
        -:  434:    {
    #####:  435:      if (state->discard[player][i] == curse) { score = score - 1; };
branch  0 never executed
branch  1 never executed
    #####:  436:      if (state->discard[player][i] == estate) { score = score + 1; };
branch  0 never executed
branch  1 never executed
    #####:  437:      if (state->discard[player][i] == duchy) { score = score + 3; };
branch  0 never executed
branch  1 never executed
    #####:  438:      if (state->discard[player][i] == province) { score = score + 6; };
branch  0 never executed
branch  1 never executed
    #####:  439:      if (state->discard[player][i] == great_hall) { score = score + 1; };
branch  0 never executed
branch  1 never executed
    #####:  440:      if (state->discard[player][i] == gardens) { score = score + ( fullDeckCount(player, 0, state) / 10 ); };
branch  0 never executed
branch  1 never executed
call    2 never executed
        -:  441:    }
        -:  442:
        -:  443:  //score from deck
    #####:  444:  for (i = 0; i < state->discardCount[player]; i++)
branch  0 never executed
branch  1 never executed
        -:  445:    {
    #####:  446:      if (state->deck[player][i] == curse) { score = score - 1; };
branch  0 never executed
branch  1 never executed
    #####:  447:      if (state->deck[player][i] == estate) { score = score + 1; };
branch  0 never executed
branch  1 never executed
    #####:  448:      if (state->deck[player][i] == duchy) { score = score + 3; };
branch  0 never executed
branch  1 never executed
    #####:  449:      if (state->deck[player][i] == province) { score = score + 6; };
branch  0 never executed
branch  1 never executed
    #####:  450:      if (state->deck[player][i] == great_hall) { score = score + 1; };
branch  0 never executed
branch  1 never executed
    #####:  451:      if (state->deck[player][i] == gardens) { score = score + ( fullDeckCount(player, 0, state) / 10 ); };
branch  0 never executed
branch  1 never executed
call    2 never executed
        -:  452:    }
        -:  453:
    #####:  454:  return score;
        -:  455:}
        -:  456:
function getWinners called 0 returned 0% blocks executed 0%
    #####:  457:int getWinners(int players[MAX_PLAYERS], struct gameState *state) {
        -:  458:  int i;	
        -:  459:  int j;
        -:  460:  int highScore;
        -:  461:  int currentPlayer;
        -:  462:
        -:  463:  //get score for each player
    #####:  464:  for (i = 0; i < MAX_PLAYERS; i++)
branch  0 never executed
branch  1 never executed
        -:  465:    {
        -:  466:      //set unused player scores to -9999
    #####:  467:      if (i >= state->numPlayers)
branch  0 never executed
branch  1 never executed
        -:  468:	{
    #####:  469:	  players[i] = -9999;
        -:  470:	}
        -:  471:      else
        -:  472:	{
    #####:  473:	  players[i] = scoreFor (i, state);
call    0 never executed
        -:  474:	}
        -:  475:    }
        -:  476:
        -:  477:  //find highest score
    #####:  478:  j = 0;
    #####:  479:  for (i = 0; i < MAX_PLAYERS; i++)
branch  0 never executed
branch  1 never executed
        -:  480:    {
    #####:  481:      if (players[i] > players[j])
branch  0 never executed
branch  1 never executed
        -:  482:	{
    #####:  483:	  j = i;
        -:  484:	}
        -:  485:    }
    #####:  486:  highScore = players[j];
        -:  487:
        -:  488:  //add 1 to players who had less turns
    #####:  489:  currentPlayer = whoseTurn(state);
call    0 never executed
    #####:  490:  for (i = 0; i < MAX_PLAYERS; i++)
branch  0 never executed
branch  1 never executed
        -:  491:    {
    #####:  492:      if ( players[i] == highScore && i > currentPlayer )
branch  0 never executed
branch  1 never executed
branch  2 never executed
branch  3 never executed
        -:  493:	{
    #####:  494:	  players[i]++;
        -:  495:	}
        -:  496:    }
        -:  497:
        -:  498:  //find new highest score
    #####:  499:  j = 0;
    #####:  500:  for (i = 0; i < MAX_PLAYERS; i++)
branch  0 never executed
branch  1 never executed
        -:  501:    {
    #####:  502:      if ( players[i] > players[j] )
branch  0 never executed
branch  1 never executed
        -:  503:	{
    #####:  504:	  j = i;
        -:  505:	}
        -:  506:    }
    #####:  507:  highScore = players[j];
        -:  508:
        -:  509:  //set winners in array to 1 and rest to 0
    #####:  510:  for (i = 0; i < MAX_PLAYERS; i++)
branch  0 never executed
branch  1 never executed
        -:  511:    {
    #####:  512:      if ( players[i] == highScore )
branch  0 never executed
branch  1 never executed
        -:  513:	{
    #####:  514:	  players[i] = 1;
        -:  515:	}
        -:  516:      else
        -:  517:	{
    #####:  518:	  players[i] = 0;
        -:  519:	}
        -:  520:    }
        -:  521:
    #####:  522:  return 0;
        -:  523:}
        -:  524:
function drawCard called 120 returned 100% blocks executed 85%
      120:  525:int drawCard(int player, struct gameState *state)
        -:  526:{	int count;
        -:  527:  int deckCounter;
      120:  528:  if (state->deckCount[player] <= 0){//Deck is empty
branch  0 taken 6% (fallthrough)
branch  1 taken 94%
        -:  529:    
        -:  530:    //Step 1 Shuffle the discard pile back into a deck
        -:  531:    int i;
        -:  532:    //Move discard to deck
        7:  533:    for (i = 0; i < state->discardCount[player];i++){
branch  0 taken 0%
branch  1 taken 100% (fallthrough)
    #####:  534:      state->deck[player][i] = state->discard[player][i];
    #####:  535:      state->discard[player][i] = -1;
        -:  536:    }
        -:  537:
        7:  538:    state->deckCount[player] = state->discardCount[player];
        7:  539:    state->discardCount[player] = 0;//Reset discard
        -:  540:
        -:  541:    //Shufffle the deck
        7:  542:    shuffle(player, state);//Shuffle the deck up and make it so that we can draw
call    0 returned 100%
        -:  543:   
        -:  544:    if (DEBUG){//Debug statements
        -:  545:      printf("Deck count now: %d\n", state->deckCount[player]);
        -:  546:    }
        -:  547:    
        7:  548:    state->discardCount[player] = 0;
        -:  549:
        -:  550:    //Step 2 Draw Card
        7:  551:    count = state->handCount[player];//Get current player's hand count
        -:  552:    
        -:  553:    if (DEBUG){//Debug statements
        -:  554:      printf("Current hand count: %d\n", count);
        -:  555:    }
        -:  556:    
        7:  557:    deckCounter = state->deckCount[player];//Create a holder for the deck count
        -:  558:
        7:  559:    if (deckCounter == 0)
branch  0 taken 100% (fallthrough)
branch  1 taken 0%
        7:  560:      return -1;
        -:  561:
    #####:  562:    state->hand[player][count] = state->deck[player][deckCounter - 1];//Add card to hand
    #####:  563:    state->deckCount[player]--;
    #####:  564:    state->handCount[player]++;//Increment hand count
        -:  565:  }
        -:  566:
        -:  567:  else{
      113:  568:    int count = state->handCount[player];//Get current hand count for player
        -:  569:    int deckCounter;
        -:  570:    if (DEBUG){//Debug statements
        -:  571:      printf("Current hand count: %d\n", count);
        -:  572:    }
        -:  573:
      113:  574:    deckCounter = state->deckCount[player];//Create holder for the deck count
      113:  575:    state->hand[player][count] = state->deck[player][deckCounter - 1];//Add card to the hand
      113:  576:    state->deckCount[player]--;
      113:  577:    state->handCount[player]++;//Increment hand count
        -:  578:  }
        -:  579:
      113:  580:  return 0;
        -:  581:}
        -:  582:
function getCost called 56 returned 100% blocks executed 100%
       56:  583:int getCost(int cardNumber)
        -:  584:{
       56:  585:  switch( cardNumber ) 
branch  0 taken 4%
branch  1 taken 4%
branch  2 taken 4%
branch  3 taken 4%
branch  4 taken 4%
branch  5 taken 4%
branch  6 taken 4%
branch  7 taken 4%
branch  8 taken 4%
branch  9 taken 4%
branch 10 taken 4%
branch 11 taken 4%
branch 12 taken 4%
branch 13 taken 4%
branch 14 taken 4%
branch 15 taken 4%
branch 16 taken 4%
branch 17 taken 4%
branch 18 taken 4%
branch 19 taken 4%
branch 20 taken 4%
branch 21 taken 4%
branch 22 taken 4%
branch 23 taken 4%
branch 24 taken 4%
branch 25 taken 4%
branch 26 taken 4%
branch 27 taken 4%
        -:  586:    {
        -:  587:    case curse:
        2:  588:      return 0;
        -:  589:    case estate:
        2:  590:      return 2;
        -:  591:    case duchy:
        2:  592:      return 5;
        -:  593:    case province:
        2:  594:      return 8;
        -:  595:    case copper:
        2:  596:      return 0;
        -:  597:    case silver:
        2:  598:      return 3;
        -:  599:    case gold:
        2:  600:      return 6;
        -:  601:    case adventurer:
        2:  602:      return 6;
        -:  603:    case council_room:
        2:  604:      return 5;
        -:  605:    case feast:
        2:  606:      return 4;
        -:  607:    case gardens:
        2:  608:      return 4;
        -:  609:    case mine:
        2:  610:      return 5;
        -:  611:    case remodel:
        2:  612:      return 4;
        -:  613:    case smithy:
        2:  614:      return 4;
        -:  615:    case village:
        2:  616:      return 3;
        -:  617:    case baron:
        2:  618:      return 4;
        -:  619:    case great_hall:
        2:  620:      return 3;
        -:  621:    case minion:
        2:  622:      return 5;
        -:  623:    case steward:
        2:  624:      return 3;
        -:  625:    case tribute:
        2:  626:      return 5;
        -:  627:    case ambassador:
        2:  628:      return 3;
        -:  629:    case cutpurse:
        2:  630:      return 4;
        -:  631:    case embargo: 
        2:  632:      return 2;
        -:  633:    case outpost:
        2:  634:      return 5;
        -:  635:    case salvager:
        2:  636:      return 4;
        -:  637:    case sea_hag:
        2:  638:      return 4;
        -:  639:    case treasure_map:
        2:  640:      return 4;
        -:  641:    }
        -:  642:	
        2:  643:  return -1;
        -:  644:}
        -:  645:
function cardEffect called 7 returned 100% blocks executed 7%
        7:  646:int cardEffect(int card, int choice1, int choice2, int choice3, struct gameState *state, int handPos, int *bonus)
        -:  647:{
        -:  648:  int i;
        -:  649:  int j;
        -:  650:  int k;
        -:  651:  int x;
        -:  652:  int index;
        7:  653:  int currentPlayer = whoseTurn(state);
call    0 returned 100%
        7:  654:  int nextPlayer = currentPlayer + 1;
        -:  655:
        7:  656:  int tributeRevealedCards[2] = {-1, -1};
        -:  657:  int temphand[MAX_HAND];// moved above the if statement
        7:  658:  int drawntreasure=0;
        -:  659:  int cardDrawn;
        7:  660:  int z = 0;// this is the counter for the temp hand
        7:  661:  if (nextPlayer > (state->numPlayers - 1)){
branch  0 taken 0% (fallthrough)
branch  1 taken 100%
    #####:  662:    nextPlayer = 0;
        -:  663:  }
        -:  664:  // refractored code here
function play_adventurer.3284 called 4 returned 100% blocks executed 100%
        4:  665:  void play_adventurer(){
       23:  666:	while(drawntreasure<1){ // bug here
branch  0 taken 79%
branch  1 taken 21% (fallthrough)
       15:  667:	if (state->deckCount[currentPlayer] <1){//if the deck is empty we need to shuffle discard and add to deck
branch  0 taken 47% (fallthrough)
branch  1 taken 53%
        7:  668:	  shuffle(currentPlayer, state);
call    0 returned 100%
        -:  669:	}
       15:  670:	drawCard(currentPlayer, state);
call    0 returned 100%
       15:  671:	cardDrawn = state->hand[currentPlayer][state->handCount[currentPlayer]-1];//top card of hand is most recently drawn card.
       15:  672:	if (cardDrawn == copper || cardDrawn == silver || cardDrawn == gold)
branch  0 taken 73% (fallthrough)
branch  1 taken 27%
branch  2 taken 100% (fallthrough)
branch  3 taken 0%
branch  4 taken 0% (fallthrough)
branch  5 taken 100%
        4:  673:	  drawntreasure++;
        -:  674:	else{
       11:  675:	  temphand[z]=cardDrawn;
       11:  676:	  state->handCount[currentPlayer]--; //this should just remove the top card (the most recently drawn one).
       11:  677:	  z++;
        -:  678:	}
        -:  679:      }
       19:  680:      while(z-1>=0){
branch  0 taken 73%
branch  1 taken 27% (fallthrough)
       11:  681:	state->discard[currentPlayer][state->discardCount[currentPlayer]++]=temphand[z-1]; // discard all cards in play that have been drawn
       11:  682:	z=z-1;
        -:  683:	  }
        4:  684:  }
        -:  685:  
function play_smithy.3292 called 1 returned 100% blocks executed 100%
        1:  686:  void play_smithy(){
        -:  687:	        //+3 Cards
        4:  688:      for (i = 0; i < 3; i++)
branch  0 taken 75%
branch  1 taken 25% (fallthrough)
        -:  689:	{
        3:  690:	  drawCard(currentPlayer, state);
call    0 returned 100%
        -:  691:	}
        -:  692:			
        -:  693:      //discard card from hand
        -:  694:      // bug introduced here missing function discardCard()
        1:  695:  }
        -:  696:  
function play_feast.3297 called 0 returned 0% blocks executed 0%
    #####:  697:  void play_feast(){
        -:  698:	   //gain card with cost up to 5
        -:  699:      //Backup hand
    #####:  700:      for (i = 0; i <= (state->handCount[currentPlayer]) - 1; i++){ // bug introduced
branch  0 never executed
branch  1 never executed
    #####:  701:	temphand[i] = state->hand[currentPlayer][i];//Backup card
    #####:  702:	state->hand[currentPlayer][i] = -1;//Set to nothing
        -:  703:      }
        -:  704:      //Backup hand
        -:  705:
        -:  706:      //Update Coins for Buy
    #####:  707:      updateCoins(currentPlayer, state, 5);
call    0 never executed
    #####:  708:      x = 1;//Condition to loop on
    #####:  709:      while( x == 1) {//Buy one card
branch  0 never executed
branch  1 never executed
    #####:  710:	if (supplyCount(choice1, state) <= 0){
call    0 never executed
branch  1 never executed
branch  2 never executed
        -:  711:	  if (DEBUG)
        -:  712:	    printf("None of that card left, sorry!\n");
        -:  713:
        -:  714:	  if (DEBUG){
        -:  715:	    printf("Cards Left: %d\n", supplyCount(choice1, state));
        -:  716:	  }
        -:  717:	}
    #####:  718:	else if (state->coins < getCost(choice1)){
call    0 never executed
branch  1 never executed
branch  2 never executed
    #####:  719:	  printf("That card is too expensive!\n");
call    0 never executed
        -:  720:
        -:  721:	  if (DEBUG){
        -:  722:	    printf("Coins: %d < %d\n", state->coins, getCost(choice1));
        -:  723:	  }
        -:  724:	}
        -:  725:	else{
        -:  726:
        -:  727:	  if (DEBUG){
        -:  728:	    printf("Deck Count: %d\n", state->handCount[currentPlayer] + state->deckCount[currentPlayer] + state->discardCount[currentPlayer]);
        -:  729:	  }
        -:  730:
    #####:  731:	  gainCard(choice1, state, 0, currentPlayer);//Gain the card
call    0 never executed
    #####:  732:	  x = 0;//No more buying cards
        -:  733:
        -:  734:	  if (DEBUG){
        -:  735:	    printf("Deck Count: %d\n", state->handCount[currentPlayer] + state->deckCount[currentPlayer] + state->discardCount[currentPlayer]);
        -:  736:	  }
        -:  737:
        -:  738:	}
        -:  739:      }     
        -:  740:
        -:  741:      //Reset Hand
    #####:  742:      for (i = 0; i <= state->handCount[currentPlayer]; i++){
branch  0 never executed
branch  1 never executed
    #####:  743:	state->hand[currentPlayer][i] = temphand[i];
    #####:  744:	temphand[i] = -1;
        -:  745:      }
        -:  746:      //Reset Hand
    #####:  747:  }
        -:  748:  
function play_steward.3308 called 0 returned 0% blocks executed 0%
    #####:  749:  void play_steward(){
    #####:  750:	        if (choice1 == 1)
branch  0 never executed
branch  1 never executed
        -:  751:	{
        -:  752:	  //+2 cards
    #####:  753:	  drawCard(currentPlayer, state);
call    0 never executed
    #####:  754:	  drawCard(currentPlayer, state);
call    0 never executed
        -:  755:	}
    #####:  756:      else if (choice1 == 2)
branch  0 never executed
branch  1 never executed
        -:  757:	{
        -:  758:	  //+2 coins
    #####:  759:	  state->coins = state->coins + 2;
        -:  760:	}
        -:  761:      else
        -:  762:	{
        -:  763:	  //trash 2 cards in hand
    #####:  764:	  discardCard(choice2, currentPlayer, state, 1);
call    0 never executed
    #####:  765:	  discardCard(choice3, currentPlayer, state, 1);
call    0 never executed
        -:  766:	}
        -:  767:			
        -:  768:      //discard card from hand
    #####:  769:      discardCard(handPos, currentPlayer, state, 0);
call    0 never executed
    #####:  770:  }
        -:  771:  
function play_outpost.3310 called 0 returned 0% blocks executed 0%
    #####:  772:  void play_outpost(){
        -:  773:	//set outpost flag
    #####:  774:      state->outpostPlayed--; //bug introduced
        -:  775:			
        -:  776:      //discard card
    #####:  777:      discardCard(handPos, currentPlayer, state, 0);
call    0 never executed
    #####:  778:  }
        -:  779:	
        -:  780:  //uses switch to select card and perform actions
        7:  781:  switch( card ) 
branch  0 taken 57%
branch  1 taken 0%
branch  2 taken 0%
branch  3 taken 0%
branch  4 taken 0%
branch  5 taken 0%
branch  6 taken 14%
branch  7 taken 14%
branch  8 taken 0%
branch  9 taken 14%
branch 10 taken 0%
branch 11 taken 0%
branch 12 taken 0%
branch 13 taken 0%
branch 14 taken 0%
branch 15 taken 0%
branch 16 taken 0%
branch 17 taken 0%
branch 18 taken 0%
branch 19 taken 0%
branch 20 taken 0%
        -:  782:    {
        -:  783:    case adventurer:
        -:  784:	//call function
        4:  785:	play_adventurer();
call    0 returned 100%
        4:  786:      return 0;
        -:  787:			
        -:  788:    case council_room:
        -:  789:      //+4 Cards
    #####:  790:      for (i = 0; i < 4; i++)
branch  0 never executed
branch  1 never executed
        -:  791:	{
    #####:  792:	  drawCard(currentPlayer, state);
call    0 never executed
        -:  793:	}
        -:  794:			
        -:  795:      //+1 Buy
    #####:  796:      state->numBuys++;
        -:  797:			
        -:  798:      //Each other player draws a card
    #####:  799:      for (i = 0; i < state->numPlayers; i++)
branch  0 never executed
branch  1 never executed
        -:  800:	{
    #####:  801:	  if ( i != currentPlayer )
branch  0 never executed
branch  1 never executed
        -:  802:	    {
    #####:  803:	      drawCard(i, state);
call    0 never executed
        -:  804:	    }
        -:  805:	}
        -:  806:			
        -:  807:      //put played card in played card pile
    #####:  808:      discardCard(handPos, currentPlayer, state, 0);
call    0 never executed
        -:  809:			
    #####:  810:      return 0;
        -:  811:			
        -:  812:    case feast:
        -:  813:     
    #####:  814:      play_feast();			
call    0 never executed
    #####:  815:      return 0;
        -:  816:			
        -:  817:    case gardens:
    #####:  818:      return -1;
        -:  819:			
        -:  820:    case mine:
    #####:  821:      j = state->hand[currentPlayer][choice1];  //store card we will trash
        -:  822:
    #####:  823:      if (state->hand[currentPlayer][choice1] < copper || state->hand[currentPlayer][choice1] > gold)
branch  0 never executed
branch  1 never executed
branch  2 never executed
branch  3 never executed
        -:  824:	{
    #####:  825:	  return -1;
        -:  826:	}
        -:  827:		
    #####:  828:      if (choice2 > treasure_map || choice2 < curse)
branch  0 never executed
branch  1 never executed
branch  2 never executed
branch  3 never executed
        -:  829:	{
    #####:  830:	  return -1;
        -:  831:	}
        -:  832:
    #####:  833:      if ( (getCost(state->hand[currentPlayer][choice1]) + 3) > getCost(choice2) )
call    0 never executed
call    1 never executed
branch  2 never executed
branch  3 never executed
        -:  834:	{
    #####:  835:	  return -1;
        -:  836:	}
        -:  837:
    #####:  838:      gainCard(choice2, state, 2, currentPlayer);
call    0 never executed
        -:  839:
        -:  840:      //discard card from hand
    #####:  841:      discardCard(handPos, currentPlayer, state, 0);
call    0 never executed
        -:  842:
        -:  843:      //discard trashed card
    #####:  844:      for (i = 0; i < state->handCount[currentPlayer]; i++)
branch  0 never executed
branch  1 never executed
        -:  845:	{
    #####:  846:	  if (state->hand[currentPlayer][i] == j)
branch  0 never executed
branch  1 never executed
        -:  847:	    {
    #####:  848:	      discardCard(i, currentPlayer, state, 0);			
call    0 never executed
    #####:  849:	      break;
        -:  850:	    }
        -:  851:	}
        -:  852:			
    #####:  853:      return 0;
        -:  854:			
        -:  855:    case remodel:
    #####:  856:      j = state->hand[currentPlayer][choice1];  //store card we will trash
        -:  857:
    #####:  858:      if ( (getCost(state->hand[currentPlayer][choice1]) + 2) > getCost(choice2) )
call    0 never executed
call    1 never executed
branch  2 never executed
branch  3 never executed
        -:  859:	{
    #####:  860:	  return -1;
        -:  861:	}
        -:  862:
    #####:  863:      gainCard(choice2, state, 0, currentPlayer);
call    0 never executed
        -:  864:
        -:  865:      //discard card from hand
    #####:  866:      discardCard(handPos, currentPlayer, state, 0);
call    0 never executed
        -:  867:
        -:  868:      //discard trashed card
    #####:  869:      for (i = 0; i < state->handCount[currentPlayer]; i++)
branch  0 never executed
branch  1 never executed
        -:  870:	{
    #####:  871:	  if (state->hand[currentPlayer][i] == j)
branch  0 never executed
branch  1 never executed
        -:  872:	    {
    #####:  873:	      discardCard(i, currentPlayer, state, 0);			
call    0 never executed
    #####:  874:	      break;
        -:  875:	    }
        -:  876:	}
        -:  877:
        -:  878:
    #####:  879:      return 0;
        -:  880:		
        -:  881:    case smithy:
        -:  882:	// Call function 
        1:  883:	  play_smithy();
call    0 returned 100%
        1:  884:      return 0;
        -:  885:		
        -:  886:    case village:
        -:  887:      //+1 Card
        1:  888:      drawCard(currentPlayer, state);
call    0 returned 100%
        -:  889:			
        -:  890:      //+2 Actions
        1:  891:      state->numActions = state->numActions + 2;
        -:  892:			
        -:  893:      //discard played card from hand
        1:  894:      discardCard(handPos, currentPlayer, state, 0);
call    0 returned 100%
        1:  895:      return 0;
        -:  896:		
        -:  897:    case baron:
    #####:  898:      state->numBuys++;//Increase buys by 1!
    #####:  899:      if (choice1 > 0){//Boolean true or going to discard an estate
branch  0 never executed
branch  1 never executed
    #####:  900:	int p = 0;//Iterator for hand!
    #####:  901:	int card_not_discarded = 1;//Flag for discard set!
    #####:  902:	while(card_not_discarded){
branch  0 never executed
branch  1 never executed
    #####:  903:	  if (state->hand[currentPlayer][p] == estate){//Found an estate card!
branch  0 never executed
branch  1 never executed
    #####:  904:	    state->coins += 4;//Add 4 coins to the amount of coins
    #####:  905:	    state->discard[currentPlayer][state->discardCount[currentPlayer]] = state->hand[currentPlayer][p];
    #####:  906:	    state->discardCount[currentPlayer]++;
    #####:  907:	    for (;p < state->handCount[currentPlayer]; p++){
branch  0 never executed
branch  1 never executed
    #####:  908:	      state->hand[currentPlayer][p] = state->hand[currentPlayer][p+1];
        -:  909:	    }
    #####:  910:	    state->hand[currentPlayer][state->handCount[currentPlayer]] = -1;
    #####:  911:	    state->handCount[currentPlayer]--;
    #####:  912:	    card_not_discarded = 0;//Exit the loop
        -:  913:	  }
    #####:  914:	  else if (p > state->handCount[currentPlayer]){
branch  0 never executed
branch  1 never executed
        -:  915:	    if(DEBUG) {
        -:  916:	      printf("No estate cards in your hand, invalid choice\n");
        -:  917:	      printf("Must gain an estate if there are any\n");
        -:  918:	    }
    #####:  919:	    if (supplyCount(estate, state) > 0){
call    0 never executed
branch  1 never executed
branch  2 never executed
    #####:  920:	      gainCard(estate, state, 0, currentPlayer);
call    0 never executed
    #####:  921:	      state->supplyCount[estate]--;//Decrement estates
    #####:  922:	      if (supplyCount(estate, state) == 0){
call    0 never executed
branch  1 never executed
branch  2 never executed
    #####:  923:		isGameOver(state);
call    0 never executed
        -:  924:	      }
        -:  925:	    }
    #####:  926:	    card_not_discarded = 0;//Exit the loop
        -:  927:	  }
        -:  928:			    
        -:  929:	  else{
    #####:  930:	    p++;//Next card
        -:  931:	  }
        -:  932:	}
        -:  933:      }
        -:  934:			    
        -:  935:      else{
    #####:  936:	if (supplyCount(estate, state) > 0){
call    0 never executed
branch  1 never executed
branch  2 never executed
    #####:  937:	  gainCard(estate, state, 0, currentPlayer);//Gain an estate
call    0 never executed
    #####:  938:	  state->supplyCount[estate]--;//Decrement Estates
    #####:  939:	  if (supplyCount(estate, state) == 0){
call    0 never executed
branch  1 never executed
branch  2 never executed
    #####:  940:	    isGameOver(state);
call    0 never executed
        -:  941:	  }
        -:  942:	}
        -:  943:      }
        -:  944:	    
        -:  945:      
    #####:  946:      return 0;
        -:  947:		
        -:  948:    case great_hall:
        -:  949:      //+1 Card
        1:  950:      drawCard(currentPlayer, state);
call    0 returned 100%
        -:  951:			
        -:  952:      //+1 Actions
        1:  953:      state->numActions++;
        -:  954:			
        -:  955:      //discard card from hand
        1:  956:      discardCard(handPos, currentPlayer, state, 0);
call    0 returned 100%
        1:  957:      return 0;
        -:  958:		
        -:  959:    case minion:
        -:  960:      //+1 action
    #####:  961:      state->numActions++;
        -:  962:			
        -:  963:      //discard card from hand
    #####:  964:      discardCard(handPos, currentPlayer, state, 0);
call    0 never executed
        -:  965:			
    #####:  966:      if (choice1)		//+2 coins
branch  0 never executed
branch  1 never executed
        -:  967:	{
    #####:  968:	  state->coins = state->coins + 2;
        -:  969:	}
        -:  970:			
    #####:  971:      else if (choice2)		//discard hand, redraw 4, other players with 5+ cards discard hand and draw 4
branch  0 never executed
branch  1 never executed
        -:  972:	{
        -:  973:	  //discard hand
    #####:  974:	  while(numHandCards(state) > 0)
call    0 never executed
branch  1 never executed
branch  2 never executed
        -:  975:	    {
    #####:  976:	      discardCard(handPos, currentPlayer, state, 0);
call    0 never executed
        -:  977:	    }
        -:  978:				
        -:  979:	  //draw 4
    #####:  980:	  for (i = 0; i < 4; i++)
branch  0 never executed
branch  1 never executed
        -:  981:	    {
    #####:  982:	      drawCard(currentPlayer, state);
call    0 never executed
        -:  983:	    }
        -:  984:				
        -:  985:	  //other players discard hand and redraw if hand size > 4
    #####:  986:	  for (i = 0; i < state->numPlayers; i++)
branch  0 never executed
branch  1 never executed
        -:  987:	    {
    #####:  988:	      if (i != currentPlayer)
branch  0 never executed
branch  1 never executed
        -:  989:		{
    #####:  990:		  if ( state->handCount[i] > 4 )
branch  0 never executed
branch  1 never executed
        -:  991:		    {
        -:  992:		      //discard hand
    #####:  993:		      while( state->handCount[i] > 0 )
branch  0 never executed
branch  1 never executed
        -:  994:			{
    #####:  995:			  discardCard(handPos, i, state, 0);
call    0 never executed
        -:  996:			}
        -:  997:							
        -:  998:		      //draw 4
    #####:  999:		      for (j = 0; j < 4; j++)
branch  0 never executed
branch  1 never executed
        -: 1000:			{
    #####: 1001:			  drawCard(i, state);
call    0 never executed
        -: 1002:			}
        -: 1003:		    }
        -: 1004:		}
        -: 1005:	    }
        -: 1006:				
        -: 1007:	}
    #####: 1008:      return 0;
        -: 1009:		
        -: 1010:    case steward:
    #####: 1011:	  play_steward();
call    0 never executed
    #####: 1012:      return 0;
        -: 1013:		
        -: 1014:    case tribute:
    #####: 1015:      if ((state->discardCount[nextPlayer] + state->deckCount[nextPlayer]) <= 1){
branch  0 never executed
branch  1 never executed
    #####: 1016:	if (state->deckCount[nextPlayer] > 0){
branch  0 never executed
branch  1 never executed
    #####: 1017:	  tributeRevealedCards[0] = state->deck[nextPlayer][state->deckCount[nextPlayer]-1];
    #####: 1018:	  state->deckCount[nextPlayer]--;
        -: 1019:	}
    #####: 1020:	else if (state->discardCount[nextPlayer] > 0){
branch  0 never executed
branch  1 never executed
    #####: 1021:	  tributeRevealedCards[0] = state->discard[nextPlayer][state->discardCount[nextPlayer]-1];
    #####: 1022:	  state->discardCount[nextPlayer]--;
        -: 1023:	}
        -: 1024:	else{
        -: 1025:	  //No Card to Reveal
        -: 1026:	  if (DEBUG){
        -: 1027:	    printf("No cards to reveal\n");
        -: 1028:	  }
        -: 1029:	}
        -: 1030:      }
        -: 1031:	    
        -: 1032:      else{
    #####: 1033:	if (state->deckCount[nextPlayer] == 0){
branch  0 never executed
branch  1 never executed
    #####: 1034:	  for (i = 0; i < state->discardCount[nextPlayer]; i++){
branch  0 never executed
branch  1 never executed
    #####: 1035:	    state->deck[nextPlayer][i] = state->discard[nextPlayer][i];//Move to deck
    #####: 1036:	    state->deckCount[nextPlayer]++;
    #####: 1037:	    state->discard[nextPlayer][i] = -1;
    #####: 1038:	    state->discardCount[nextPlayer]--;
        -: 1039:	  }
        -: 1040:			    
    #####: 1041:	  shuffle(nextPlayer,state);//Shuffle the deck
call    0 never executed
        -: 1042:	} 
    #####: 1043:	tributeRevealedCards[0] = state->deck[nextPlayer][state->deckCount[nextPlayer]-1];
    #####: 1044:	state->deck[nextPlayer][state->deckCount[nextPlayer]--] = -1;
    #####: 1045:	state->deckCount[nextPlayer]--;
    #####: 1046:	tributeRevealedCards[1] = state->deck[nextPlayer][state->deckCount[nextPlayer]-1];
    #####: 1047:	state->deck[nextPlayer][state->deckCount[nextPlayer]--] = -1;
    #####: 1048:	state->deckCount[nextPlayer]--;
        -: 1049:      }    
        -: 1050:		       
    #####: 1051:      if (tributeRevealedCards[0] == tributeRevealedCards[1]){//If we have a duplicate card, just drop one 
branch  0 never executed
branch  1 never executed
    #####: 1052:	state->playedCards[state->playedCardCount] = tributeRevealedCards[1];
    #####: 1053:	state->playedCardCount++;
    #####: 1054:	tributeRevealedCards[1] = -1;
        -: 1055:      }
        -: 1056:
    #####: 1057:      for (i = 0; i <= 2; i ++){
branch  0 never executed
branch  1 never executed
    #####: 1058:	if (tributeRevealedCards[i] == copper || tributeRevealedCards[i] == silver || tributeRevealedCards[i] == gold){//Treasure cards
branch  0 never executed
branch  1 never executed
branch  2 never executed
branch  3 never executed
branch  4 never executed
branch  5 never executed
    #####: 1059:	  state->coins += 2;
        -: 1060:	}
        -: 1061:		    
    #####: 1062:	else if (tributeRevealedCards[i] == estate || tributeRevealedCards[i] == duchy || tributeRevealedCards[i] == province || tributeRevealedCards[i] == gardens || tributeRevealedCards[i] == great_hall){//Victory Card Found
branch  0 never executed
branch  1 never executed
branch  2 never executed
branch  3 never executed
branch  4 never executed
branch  5 never executed
branch  6 never executed
branch  7 never executed
branch  8 never executed
branch  9 never executed
    #####: 1063:	  drawCard(currentPlayer, state);
call    0 never executed
    #####: 1064:	  drawCard(currentPlayer, state);
call    0 never executed
        -: 1065:	}
        -: 1066:	else{//Action Card
    #####: 1067:	  state->numActions = state->numActions + 2;
        -: 1068:	}
        -: 1069:      }
        -: 1070:	    
    #####: 1071:      return 0;
        -: 1072:		
        -: 1073:    case ambassador:
    #####: 1074:      j = 0;		//used to check if player has enough cards to discard
        -: 1075:
    #####: 1076:      if (choice2 > 2 || choice2 < 0)
branch  0 never executed
branch  1 never executed
branch  2 never executed
branch  3 never executed
        -: 1077:	{
    #####: 1078:	  return -1;				
        -: 1079:	}
        -: 1080:
    #####: 1081:      if (choice1 == handPos)
branch  0 never executed
branch  1 never executed
        -: 1082:	{
    #####: 1083:	  return -1;
        -: 1084:	}
        -: 1085:
    #####: 1086:      for (i = 0; i < state->handCount[currentPlayer]; i++)
branch  0 never executed
branch  1 never executed
        -: 1087:	{
    #####: 1088:	  if (i != handPos && i == state->hand[currentPlayer][choice1] && i != choice1)
branch  0 never executed
branch  1 never executed
branch  2 never executed
branch  3 never executed
branch  4 never executed
branch  5 never executed
        -: 1089:	    {
    #####: 1090:	      j++;
        -: 1091:	    }
        -: 1092:	}
    #####: 1093:      if (j < choice2)
branch  0 never executed
branch  1 never executed
        -: 1094:	{
    #####: 1095:	  return -1;				
        -: 1096:	}
        -: 1097:
        -: 1098:      if (DEBUG) 
        -: 1099:	printf("Player %d reveals card number: %d\n", currentPlayer, state->hand[currentPlayer][choice1]);
        -: 1100:
        -: 1101:      //increase supply count for choosen card by amount being discarded
    #####: 1102:      state->supplyCount[state->hand[currentPlayer][choice1]] += choice2;
        -: 1103:			
        -: 1104:      //each other player gains a copy of revealed card
    #####: 1105:      for (i = 0; i < state->numPlayers; i++)
branch  0 never executed
branch  1 never executed
        -: 1106:	{
    #####: 1107:	  if (i != currentPlayer)
branch  0 never executed
branch  1 never executed
        -: 1108:	    {
    #####: 1109:	      gainCard(state->hand[currentPlayer][choice1], state, 0, i);
call    0 never executed
        -: 1110:	    }
        -: 1111:	}
        -: 1112:
        -: 1113:      //discard played card from hand
    #####: 1114:      discardCard(handPos, currentPlayer, state, 0);			
call    0 never executed
        -: 1115:
        -: 1116:      //trash copies of cards returned to supply
    #####: 1117:      for (j = 0; j < choice2; j++)
branch  0 never executed
branch  1 never executed
        -: 1118:	{
    #####: 1119:	  for (i = 0; i < state->handCount[currentPlayer]; i++)
branch  0 never executed
branch  1 never executed
        -: 1120:	    {
    #####: 1121:	      if (state->hand[currentPlayer][i] == state->hand[currentPlayer][choice1])
branch  0 never executed
branch  1 never executed
        -: 1122:		{
    #####: 1123:		  discardCard(i, currentPlayer, state, 1);
call    0 never executed
    #####: 1124:		  break;
        -: 1125:		}
        -: 1126:	    }
        -: 1127:	}			
        -: 1128:
    #####: 1129:      return 0;
        -: 1130:		
        -: 1131:    case cutpurse:
        -: 1132:
    #####: 1133:      updateCoins(currentPlayer, state, 2);
call    0 never executed
    #####: 1134:      for (i = 0; i < state->numPlayers; i++)
branch  0 never executed
branch  1 never executed
        -: 1135:	{
    #####: 1136:	  if (i != currentPlayer)
branch  0 never executed
branch  1 never executed
        -: 1137:	    {
    #####: 1138:	      for (j = 0; j < state->handCount[i]; j++)
branch  0 never executed
branch  1 never executed
        -: 1139:		{
    #####: 1140:		  if (state->hand[i][j] == copper)
branch  0 never executed
branch  1 never executed
        -: 1141:		    {
    #####: 1142:		      discardCard(j, i, state, 0);
call    0 never executed
    #####: 1143:		      break;
        -: 1144:		    }
    #####: 1145:		  if (j == state->handCount[i])
branch  0 never executed
branch  1 never executed
        -: 1146:		    {
    #####: 1147:		      for (k = 0; k < state->handCount[i]; k++)
branch  0 never executed
branch  1 never executed
        -: 1148:			{
        -: 1149:			  if (DEBUG)
        -: 1150:			    printf("Player %d reveals card number %d\n", i, state->hand[i][k]);
        -: 1151:			}	
    #####: 1152:		      break;
        -: 1153:		    }		
        -: 1154:		}
        -: 1155:					
        -: 1156:	    }
        -: 1157:				
        -: 1158:	}				
        -: 1159:
        -: 1160:      //discard played card from hand
    #####: 1161:      discardCard(handPos, currentPlayer, state, 0);			
call    0 never executed
        -: 1162:
    #####: 1163:      return 0;
        -: 1164:
        -: 1165:		
        -: 1166:    case embargo: 
        -: 1167:	 //+2 Coins
    #####: 1168:      state->coins = state->coins + 2; 
        -: 1169:			
        -: 1170:      //see if selected pile is in play
    #####: 1171:      if ( state->supplyCount[choice1] == -1 )
branch  0 never executed
branch  1 never executed
        -: 1172:	{
    #####: 1173:	  return -1;
        -: 1174:	}
        -: 1175:			
        -: 1176:      //add embargo token to selected supply pile
    #####: 1177:      state->embargoTokens[choice1]++;
        -: 1178:			
        -: 1179:      //trash card
    #####: 1180:      discardCard(handPos, currentPlayer, state, 1);
call    0 never executed
    #####: 1181:      return 0;
        -: 1182:		
        -: 1183:    case outpost:
    #####: 1184:	  play_outpost();
call    0 never executed
    #####: 1185:      return 0;
        -: 1186:		
        -: 1187:    case salvager:
        -: 1188:      //+1 buy
    #####: 1189:      state->numBuys++;
        -: 1190:			
    #####: 1191:      if (choice1)
branch  0 never executed
branch  1 never executed
        -: 1192:	{
        -: 1193:	  //gain coins equal to trashed card
    #####: 1194:	  state->coins = state->coins + getCost( handCard(choice1, state) );
call    0 never executed
call    1 never executed
        -: 1195:	  //trash card
    #####: 1196:	  discardCard(choice1, currentPlayer, state, 1);	
call    0 never executed
        -: 1197:	}
        -: 1198:			
        -: 1199:      //discard card
    #####: 1200:      discardCard(handPos, currentPlayer, state, 0);
call    0 never executed
    #####: 1201:      return 0;
        -: 1202:		
        -: 1203:    case sea_hag:
    #####: 1204:      for (i = 0; i < state->numPlayers; i++){
branch  0 never executed
branch  1 never executed
    #####: 1205:	if (i != currentPlayer){
branch  0 never executed
branch  1 never executed
    #####: 1206:	  state->discard[i][state->discardCount[i]] = state->deck[i][state->deckCount[i]--];			    state->deckCount[i]--;
    #####: 1207:	  state->discardCount[i]++;
    #####: 1208:	  state->deck[i][state->deckCount[i]--] = curse;//Top card now a curse
        -: 1209:	}
        -: 1210:      }
    #####: 1211:      return 0;
        -: 1212:		
        -: 1213:    case treasure_map:
        -: 1214:      //search hand for another treasure_map
    #####: 1215:      index = -1;
    #####: 1216:      for (i = 0; i < state->handCount[currentPlayer]; i++)
branch  0 never executed
branch  1 never executed
        -: 1217:	{
    #####: 1218:	  if (state->hand[currentPlayer][i] == treasure_map && i != handPos)
branch  0 never executed
branch  1 never executed
branch  2 never executed
branch  3 never executed
        -: 1219:	    {
    #####: 1220:	      index = i;
    #####: 1221:	      break;
        -: 1222:	    }
        -: 1223:	}
    #####: 1224:      if (index > -1)
branch  0 never executed
branch  1 never executed
        -: 1225:	{
        -: 1226:	  //trash both treasure cards
    #####: 1227:	  discardCard(handPos, currentPlayer, state, 1);
call    0 never executed
    #####: 1228:	  discardCard(index, currentPlayer, state, 1);
call    0 never executed
        -: 1229:
        -: 1230:	  //gain 4 Gold cards
    #####: 1231:	  for (i = 0; i < 4; i++)
branch  0 never executed
branch  1 never executed
        -: 1232:	    {
    #####: 1233:	      gainCard(gold, state, 1, currentPlayer);
call    0 never executed
        -: 1234:	    }
        -: 1235:				
        -: 1236:	  //return success
    #####: 1237:	  return 1;
        -: 1238:	}
        -: 1239:			
        -: 1240:      //no second treasure_map found in hand
    #####: 1241:      return -1;
        -: 1242:    }
        -: 1243:	
    #####: 1244:  return -1;
        -: 1245:}
        -: 1246:
function discardCard called 2 returned 100% blocks executed 78%
        2: 1247:int discardCard(int handPos, int currentPlayer, struct gameState *state, int trashFlag)
        -: 1248:{
        -: 1249:	
        -: 1250:  //if card is not trashed, added to Played pile 
        2: 1251:  if (trashFlag < 1)
branch  0 taken 100% (fallthrough)
branch  1 taken 0%
        -: 1252:    {
        -: 1253:      //add card to played pile
        2: 1254:      state->playedCards[state->playedCardCount] = state->hand[currentPlayer][handPos]; 
        2: 1255:      state->playedCardCount++;
        -: 1256:    }
        -: 1257:	
        -: 1258:  //set played card to -1
        2: 1259:  state->hand[currentPlayer][handPos] = -1;
        -: 1260:	
        -: 1261:  //remove card from player's hand
        2: 1262:  if ( handPos == (state->handCount[currentPlayer] - 1) ) 	//last card in hand array is played
branch  0 taken 0% (fallthrough)
branch  1 taken 100%
        -: 1263:    {
        -: 1264:      //reduce number of cards in hand
    #####: 1265:      state->handCount[currentPlayer]--;
        -: 1266:    }
        2: 1267:  else if ( state->handCount[currentPlayer] == 1 ) //only one card in hand
branch  0 taken 0% (fallthrough)
branch  1 taken 100%
        -: 1268:    {
        -: 1269:      //reduce number of cards in hand
    #####: 1270:      state->handCount[currentPlayer]--;
        -: 1271:    }
        -: 1272:  else 	
        -: 1273:    {
        -: 1274:      //replace discarded card with last card in hand
        2: 1275:      state->hand[currentPlayer][handPos] = state->hand[currentPlayer][ (state->handCount[currentPlayer] - 1)];
        -: 1276:      //set last card to -1
        2: 1277:      state->hand[currentPlayer][state->handCount[currentPlayer] - 1] = -1;
        -: 1278:      //reduce number of cards in hand
        2: 1279:      state->handCount[currentPlayer]--;
        -: 1280:    }
        -: 1281:	
        2: 1282:  return 0;
        -: 1283:}
        -: 1284:
function gainCard called 33 returned 100% blocks executed 100%
       33: 1285:int gainCard(int supplyPos, struct gameState *state, int toFlag, int player)
        -: 1286:{
        -: 1287:  //Note: supplyPos is enum of choosen card
        -: 1288:	
        -: 1289:  //check if supply pile is empty (0) or card is not used in game (-1)
       33: 1290:  if ( supplyCount(supplyPos, state) < 1 )
call    0 returned 100%
branch  1 taken 9% (fallthrough)
branch  2 taken 91%
        -: 1291:    {
        3: 1292:      return -1;
        -: 1293:    }
        -: 1294:	
        -: 1295:  //added card for [whoseTurn] current player:
        -: 1296:  // toFlag = 0 : add to discard
        -: 1297:  // toFlag = 1 : add to deck
        -: 1298:  // toFlag = 2 : add to hand
        -: 1299:
       30: 1300:  if (toFlag == 1)
branch  0 taken 33% (fallthrough)
branch  1 taken 67%
        -: 1301:    {
       10: 1302:      state->deck[ player ][ state->deckCount[player] ] = supplyPos;
       10: 1303:      state->deckCount[player]++;
        -: 1304:    }
       20: 1305:  else if (toFlag == 2)
branch  0 taken 50% (fallthrough)
branch  1 taken 50%
        -: 1306:    {
       10: 1307:      state->hand[ player ][ state->handCount[player] ] = supplyPos;
       10: 1308:      state->handCount[player]++;
        -: 1309:    }
        -: 1310:  else
        -: 1311:    {
       10: 1312:      state->discard[player][ state->discardCount[player] ] = supplyPos;
       10: 1313:      state->discardCount[player]++;
        -: 1314:    }
        -: 1315:	
        -: 1316:  //decrease number in supply pile
       30: 1317:  state->supplyCount[supplyPos]--;
        -: 1318:	 
       30: 1319:  return 0;
        -: 1320:}
        -: 1321:
function updateCoins called 20 returned 100% blocks executed 82%
       20: 1322:int updateCoins(int player, struct gameState *state, int bonus)
        -: 1323:{
        -: 1324:  int i;
        -: 1325:	
        -: 1326:  //reset coin count
       20: 1327:  state->coins = 0;
        -: 1328:
        -: 1329:  //add coins for each Treasure card in player's hand
      120: 1330:  for (i = 0; i < state->handCount[player]; i++)
branch  0 taken 83%
branch  1 taken 17% (fallthrough)
        -: 1331:    {
      100: 1332:      if (state->hand[player][i] == copper)
branch  0 taken 80% (fallthrough)
branch  1 taken 20%
        -: 1333:	{
       80: 1334:	  state->coins += 1;
        -: 1335:	}
       20: 1336:      else if (state->hand[player][i] == silver)
branch  0 taken 0% (fallthrough)
branch  1 taken 100%
        -: 1337:	{
    #####: 1338:	  state->coins += 2;
        -: 1339:	}
       20: 1340:      else if (state->hand[player][i] == gold)
branch  0 taken 0% (fallthrough)
branch  1 taken 100%
        -: 1341:	{
    #####: 1342:	  state->coins += 3;
        -: 1343:	}	
        -: 1344:    }	
        -: 1345:
        -: 1346:  //add bonus
       20: 1347:  state->coins += bonus;
        -: 1348:
       20: 1349:  return 0;
        -: 1350:}
        -: 1351:
        -: 1352:
        -: 1353://end of dominion.c
